[0.021s] Invoking command in '/ws/go2_ws/src/build/movement': CMAKE_PREFIX_PATH=${CMAKE_PREFIX_PATH}:/opt/ros/foxy /usr/bin/cmake --build /ws/go2_ws/src/build/movement -- -j8 -l8
[0.096s] [ 11%] [32mBuilding CXX object CMakeFiles/gamepad_controller.dir/src/gamepad_controller.cpp.o[0m
[0.101s] [ 55%] Built target keyboard_control
[0.103s] [ 77%] Built target back_and_forth
[1.873s] In file included from [01m[K/ws/go2_ws/src/movement/src/gamepad_controller.cpp:9[m[K:
[1.874s] [01m[K/ws/go2_ws/src/movement/include/gamepad_controller.h:22:26:[m[K [01;31m[Kerror: [m[K‘[01m[KGamepadInput[m[K’ has not been declared
[1.874s]    22 |     void getGamepadInput([01;31m[KGamepadInput[m[K &input);
[1.874s]       |                          [01;31m[K^~~~~~~~~~~~[m[K
[1.933s] [01m[K/ws/go2_ws/src/movement/src/gamepad_controller.cpp:11:20:[m[K [01;31m[Kerror: [m[Kredefinition of ‘[01m[Kconst float maxSpeed[m[K’
[1.933s]    11 | static const float [01;31m[KmaxSpeed[m[K = 0.3;
[1.933s]       |                    [01;31m[K^~~~~~~~[m[K
[1.933s] In file included from [01m[K/ws/go2_ws/src/movement/src/gamepad_controller.cpp:9[m[K:
[1.934s] [01m[K/ws/go2_ws/src/movement/include/gamepad_controller.h:12:20:[m[K [01;36m[Knote: [m[K‘[01m[Kconst float maxSpeed[m[K’ previously defined here
[1.934s]    12 | static const float [01;36m[KmaxSpeed[m[K = 0.3;
[1.936s]       |                    [01;36m[K^~~~~~~~[m[K
[1.938s] [01m[K/ws/go2_ws/src/movement/src/gamepad_controller.cpp:13:1:[m[K [01;31m[Kerror: [m[K‘[01m[KGamepadControl[m[K’ does not name a type
[1.939s]    13 | [01;31m[KGamepadControl[m[K::GamepadControl() : Node("gamepad_controller"){
[1.941s]       | [01;31m[K^~~~~~~~~~~~~~[m[K
[1.942s] [01m[K/ws/go2_ws/src/movement/src/gamepad_controller.cpp:22:6:[m[K [01;31m[Kerror: [m[K‘[01m[KGamepadControl[m[K’ has not been declared
[1.942s]    22 | void [01;31m[KGamepadControl[m[K::timerCallback()
[1.943s]       |      [01;31m[K^~~~~~~~~~~~~~[m[K
[1.943s] [01m[K/ws/go2_ws/src/movement/src/gamepad_controller.cpp:[m[K In function ‘[01m[Kvoid timerCallback()[m[K’:
[1.943s] [01m[K/ws/go2_ws/src/movement/src/gamepad_controller.cpp:24:5:[m[K [01;31m[Kerror: [m[K‘[01m[KGamepadInput[m[K’ was not declared in this scope
[1.943s]    24 |     [01;31m[KGamepadInput[m[K input;
[1.943s]       |     [01;31m[K^~~~~~~~~~~~[m[K
[1.944s] [01m[K/ws/go2_ws/src/movement/src/gamepad_controller.cpp:26:5:[m[K [01;31m[Kerror: [m[K‘[01m[Kinput[m[K’ was not declared in this scope
[1.944s]    26 |     [01;31m[Kinput[m[K = getGamepadInput();
[1.944s]       |     [01;31m[K^~~~~[m[K
[1.944s] [01m[K/ws/go2_ws/src/movement/src/gamepad_controller.cpp:26:13:[m[K [01;31m[Kerror: [m[K‘[01m[KgetGamepadInput[m[K’ was not declared in this scope
[1.946s]    26 |     input = [01;31m[KgetGamepadInput[m[K();
[1.946s]       |             [01;31m[K^~~~~~~~~~~~~~~[m[K
[1.947s] In file included from [01m[K/opt/ros/foxy/include/rclcpp/service.hpp:34[m[K,
[1.947s]                  from [01m[K/opt/ros/foxy/include/rclcpp/callback_group.hpp:25[m[K,
[1.947s]                  from [01m[K/opt/ros/foxy/include/rclcpp/any_executable.hpp:20[m[K,
[1.947s]                  from [01m[K/opt/ros/foxy/include/rclcpp/memory_strategy.hpp:24[m[K,
[1.947s]                  from [01m[K/opt/ros/foxy/include/rclcpp/memory_strategies.hpp:18[m[K,
[1.948s]                  from [01m[K/opt/ros/foxy/include/rclcpp/executor_options.hpp:20[m[K,
[1.948s]                  from [01m[K/opt/ros/foxy/include/rclcpp/executor.hpp:33[m[K,
[1.948s]                  from [01m[K/opt/ros/foxy/include/rclcpp/executors/multi_threaded_executor.hpp:26[m[K,
[1.949s]                  from [01m[K/opt/ros/foxy/include/rclcpp/executors.hpp:21[m[K,
[1.949s]                  from [01m[K/opt/ros/foxy/include/rclcpp/rclcpp.hpp:146[m[K,
[1.949s]                  from [01m[K/ws/go2_ws/src/movement/src/gamepad_controller.cpp:5[m[K:
[1.949s] [01m[K/ws/go2_ws/src/movement/src/gamepad_controller.cpp:31:17:[m[K [01;31m[Kerror: [m[Kinvalid use of ‘[01m[Kthis[m[K’ in non-member function
[1.949s]    31 |     RCLCPP_INFO([01;31m[Kthis[m[K->get_logger(), "Gamepad input: %f, %f, %f", vx, vy, vyaw);
[1.949s]       |                 [01;31m[K^~~~[m[K
[1.949s] [01m[K/ws/go2_ws/src/movement/src/gamepad_controller.cpp:31:17:[m[K [01;31m[Kerror: [m[Kinvalid use of ‘[01m[Kthis[m[K’ in non-member function
[1.950s] [01m[K/ws/go2_ws/src/movement/src/gamepad_controller.cpp:31:5:[m[K [01;31m[Kerror: [m[Ktemplate argument 1 is invalid
[1.950s]    31 |     [01;31m[KRCLCPP_INFO[m[K(this->get_logger(), "Gamepad input: %f, %f, %f", vx, vy, vyaw);
[1.950s]       |     [01;31m[K^~~~~~~~~~~[m[K
[1.950s] [01m[K/ws/go2_ws/src/movement/src/gamepad_controller.cpp:31:5:[m[K [01;31m[Kerror: [m[Ktemplate argument 1 is invalid
[1.950s]    31 |     [01;31m[KRCLCPP_INFO[m[K(this->get_logger(), "Gamepad input: %f, %f, %f", vx, vy, vyaw);
[1.951s]       |     [01;31m[K^~~~~~~~~~~[m[K
[1.951s] [01m[K/ws/go2_ws/src/movement/src/gamepad_controller.cpp:31:5:[m[K [01;31m[Kerror: [m[Ktemplate argument 1 is invalid
[1.951s]    31 |     [01;31m[KRCLCPP_INFO[m[K(this->get_logger(), "Gamepad input: %f, %f, %f", vx, vy, vyaw);
[1.951s]       |     [01;31m[K^~~~~~~~~~~[m[K
[1.951s] In file included from [01m[K/opt/ros/foxy/include/rclcpp/client.hpp:40[m[K,
[1.951s]                  from [01m[K/opt/ros/foxy/include/rclcpp/callback_group.hpp:23[m[K,
[1.951s]                  from [01m[K/opt/ros/foxy/include/rclcpp/any_executable.hpp:20[m[K,
[1.951s]                  from [01m[K/opt/ros/foxy/include/rclcpp/memory_strategy.hpp:24[m[K,
[1.951s]                  from [01m[K/opt/ros/foxy/include/rclcpp/memory_strategies.hpp:18[m[K,
[1.951s]                  from [01m[K/opt/ros/foxy/include/rclcpp/executor_options.hpp:20[m[K,
[1.951s]                  from [01m[K/opt/ros/foxy/include/rclcpp/executor.hpp:33[m[K,
[1.951s]                  from [01m[K/opt/ros/foxy/include/rclcpp/executors/multi_threaded_executor.hpp:26[m[K,
[1.952s]                  from [01m[K/opt/ros/foxy/include/rclcpp/executors.hpp:21[m[K,
[1.952s]                  from [01m[K/opt/ros/foxy/include/rclcpp/rclcpp.hpp:146[m[K,
[1.952s]                  from [01m[K/ws/go2_ws/src/movement/src/gamepad_controller.cpp:5[m[K:
[1.952s] [01m[K/ws/go2_ws/src/movement/src/gamepad_controller.cpp:31:17:[m[K [01;31m[Kerror: [m[Kinvalid use of ‘[01m[Kthis[m[K’ in non-member function
[1.952s]    31 |     RCLCPP_INFO([01;31m[Kthis[m[K->get_logger(), "Gamepad input: %f, %f, %f", vx, vy, vyaw);
[1.953s]       |                 [01;31m[K^~~~[m[K
[1.954s] [01m[K/ws/go2_ws/src/movement/src/gamepad_controller.cpp:31:17:[m[K [01;31m[Kerror: [m[Kinvalid use of ‘[01m[Kthis[m[K’ in non-member function
[1.955s]    31 |     RCLCPP_INFO([01;31m[Kthis[m[K->get_logger(), "Gamepad input: %f, %f, %f", vx, vy, vyaw);
[1.956s]       |                 [01;31m[K^~~~[m[K
[1.958s] [01m[K/ws/go2_ws/src/movement/src/gamepad_controller.cpp:32:5:[m[K [01;31m[Kerror: [m[K‘[01m[KsportClient_[m[K’ was not declared in this scope; did you mean ‘[01m[KSportClient[m[K’?
[1.958s]    32 |     [01;31m[KsportClient_[m[K.Move(reqMsg_, vx, vy, vyaw);
[1.958s]       |     [01;31m[K^~~~~~~~~~~~[m[K
[1.958s]       |     [32m[KSportClient[m[K
[1.958s] [01m[K/ws/go2_ws/src/movement/src/gamepad_controller.cpp:32:23:[m[K [01;31m[Kerror: [m[K‘[01m[KreqMsg_[m[K’ was not declared in this scope
[1.959s]    32 |     sportClient_.Move([01;31m[KreqMsg_[m[K, vx, vy, vyaw);
[1.959s]       |                       [01;31m[K^~~~~~~[m[K
[1.959s] [01m[K/ws/go2_ws/src/movement/src/gamepad_controller.cpp:33:5:[m[K [01;31m[Kerror: [m[K‘[01m[KreqPuber_[m[K’ was not declared in this scope
[1.959s]    33 |     [01;31m[KreqPuber_[m[K->publish(reqMsg_);
[1.959s]       |     [01;31m[K^~~~~~~~~[m[K
[1.959s] [01m[K/ws/go2_ws/src/movement/src/gamepad_controller.cpp:[m[K At global scope:
[1.962s] [01m[K/ws/go2_ws/src/movement/src/gamepad_controller.cpp:36:6:[m[K [01;31m[Kerror: [m[K‘[01m[KGamepadControl[m[K’ has not been declared
[1.964s]    36 | void [01;31m[KGamepadControl[m[K::getGamepadInput(GamepadInput &input)
[1.965s]       |      [01;31m[K^~~~~~~~~~~~~~[m[K
[1.965s] [01m[K/ws/go2_ws/src/movement/src/gamepad_controller.cpp:36:38:[m[K [01;31m[Kerror: [m[Kvariable or field ‘[01m[KgetGamepadInput[m[K’ declared void
[1.965s]    36 | void GamepadControl::getGamepadInput([01;31m[KGamepadInput[m[K &input)
[1.965s]       |                                      [01;31m[K^~~~~~~~~~~~[m[K
[1.966s] [01m[K/ws/go2_ws/src/movement/src/gamepad_controller.cpp:36:38:[m[K [01;31m[Kerror: [m[K‘[01m[KGamepadInput[m[K’ was not declared in this scope
[1.966s] [01m[K/ws/go2_ws/src/movement/src/gamepad_controller.cpp:36:52:[m[K [01;31m[Kerror: [m[K‘[01m[Kinput[m[K’ was not declared in this scope
[1.966s]    36 | void GamepadControl::getGamepadInput(GamepadInput &[01;31m[Kinput[m[K)
[1.966s]       |                                                    [01;31m[K^~~~~[m[K
[1.966s] [01m[K/ws/go2_ws/src/movement/src/gamepad_controller.cpp:42:6:[m[K [01;31m[Kerror: [m[K‘[01m[KGamepadControl[m[K’ has not been declared
[1.968s]    42 | void [01;31m[KGamepadControl[m[K::stateCallback(unitree_go::msg::SportModeState::SharedPtr data)
[1.968s]       |      [01;31m[K^~~~~~~~~~~~~~[m[K
[1.968s] [01m[K/ws/go2_ws/src/movement/src/gamepad_controller.cpp:[m[K In function ‘[01m[Kvoid stateCallback(unitree_go::msg::SportModeState_<std::allocator<void> >::SharedPtr)[m[K’:
[1.968s] [01m[K/ws/go2_ws/src/movement/src/gamepad_controller.cpp:45:5:[m[K [01;31m[Kerror: [m[K‘[01m[KcurrentX_[m[K’ was not declared in this scope
[1.969s]    45 |     [01;31m[KcurrentX_[m[K = data->position[0];
[1.969s]       |     [01;31m[K^~~~~~~~~[m[K
[1.969s] [01m[K/ws/go2_ws/src/movement/src/gamepad_controller.cpp:46:5:[m[K [01;31m[Kerror: [m[K‘[01m[KcurrentY_[m[K’ was not declared in this scope
[1.969s]    46 |     [01;31m[KcurrentY_[m[K = data->position[1];
[1.969s]       |     [01;31m[K^~~~~~~~~[m[K
[1.969s] [01m[K/ws/go2_ws/src/movement/src/gamepad_controller.cpp:47:5:[m[K [01;31m[Kerror: [m[K‘[01m[KcurrentYaw_[m[K’ was not declared in this scope
[1.969s]    47 |     [01;31m[KcurrentYaw_[m[K = data->imu_state.rpy[2];
[1.969s]       |     [01;31m[K^~~~~~~~~~~[m[K
[1.969s] In file included from [01m[K/opt/ros/foxy/include/rclcpp/service.hpp:34[m[K,
[1.969s]                  from [01m[K/opt/ros/foxy/include/rclcpp/callback_group.hpp:25[m[K,
[1.970s]                  from [01m[K/opt/ros/foxy/include/rclcpp/any_executable.hpp:20[m[K,
[1.970s]                  from [01m[K/opt/ros/foxy/include/rclcpp/memory_strategy.hpp:24[m[K,
[1.970s]                  from [01m[K/opt/ros/foxy/include/rclcpp/memory_strategies.hpp:18[m[K,
[1.970s]                  from [01m[K/opt/ros/foxy/include/rclcpp/executor_options.hpp:20[m[K,
[1.970s]                  from [01m[K/opt/ros/foxy/include/rclcpp/executor.hpp:33[m[K,
[1.970s]                  from [01m[K/opt/ros/foxy/include/rclcpp/executors/multi_threaded_executor.hpp:26[m[K,
[1.971s]                  from [01m[K/opt/ros/foxy/include/rclcpp/executors.hpp:21[m[K,
[1.971s]                  from [01m[K/opt/ros/foxy/include/rclcpp/rclcpp.hpp:146[m[K,
[1.971s]                  from [01m[K/ws/go2_ws/src/movement/src/gamepad_controller.cpp:5[m[K:
[1.971s] [01m[K/ws/go2_ws/src/movement/src/gamepad_controller.cpp:48:17:[m[K [01;31m[Kerror: [m[K‘[01m[Kget_logger[m[K’ was not declared in this scope; did you mean ‘[01m[Krclcpp::get_logger[m[K’?
[1.971s]    48 |     RCLCPP_INFO([01;31m[Kget_logger[m[K(), "Current position: %f, %f, %f", currentX_, currentY_, currentYaw_);
[1.972s]       |                 [01;31m[K^~~~~~~~~~[m[K
[1.972s] In file included from [01m[K/opt/ros/foxy/include/rclcpp/logging.hpp:23[m[K,
[1.972s]                  from [01m[K/opt/ros/foxy/include/rclcpp/service.hpp:34[m[K,
[1.972s]                  from [01m[K/opt/ros/foxy/include/rclcpp/callback_group.hpp:25[m[K,
[1.972s]                  from [01m[K/opt/ros/foxy/include/rclcpp/any_executable.hpp:20[m[K,
[1.972s]                  from [01m[K/opt/ros/foxy/include/rclcpp/memory_strategy.hpp:24[m[K,
[1.972s]                  from [01m[K/opt/ros/foxy/include/rclcpp/memory_strategies.hpp:18[m[K,
[1.973s]                  from [01m[K/opt/ros/foxy/include/rclcpp/executor_options.hpp:20[m[K,
[1.973s]                  from [01m[K/opt/ros/foxy/include/rclcpp/executor.hpp:33[m[K,
[1.973s]                  from [01m[K/opt/ros/foxy/include/rclcpp/executors/multi_threaded_executor.hpp:26[m[K,
[1.973s]                  from [01m[K/opt/ros/foxy/include/rclcpp/executors.hpp:21[m[K,
[1.973s]                  from [01m[K/opt/ros/foxy/include/rclcpp/rclcpp.hpp:146[m[K,
[1.973s]                  from [01m[K/ws/go2_ws/src/movement/src/gamepad_controller.cpp:5[m[K:
[1.974s] [01m[K/opt/ros/foxy/include/rclcpp/logger.hpp:80:17:[m[K [01;36m[Knote: [m[K‘[01m[Krclcpp::get_logger[m[K’ declared here
[1.975s]    80 |   friend Logger [01;36m[Krclcpp[m[K::get_logger(const std::string & name);
[1.975s]       |                 [01;36m[K^~~~~~[m[K
[1.975s] In file included from [01m[K/opt/ros/foxy/include/rclcpp/service.hpp:34[m[K,
[1.976s]                  from [01m[K/opt/ros/foxy/include/rclcpp/callback_group.hpp:25[m[K,
[1.976s]                  from [01m[K/opt/ros/foxy/include/rclcpp/any_executable.hpp:20[m[K,
[1.976s]                  from [01m[K/opt/ros/foxy/include/rclcpp/memory_strategy.hpp:24[m[K,
[1.976s]                  from [01m[K/opt/ros/foxy/include/rclcpp/memory_strategies.hpp:18[m[K,
[1.976s]                  from [01m[K/opt/ros/foxy/include/rclcpp/executor_options.hpp:20[m[K,
[1.976s]                  from [01m[K/opt/ros/foxy/include/rclcpp/executor.hpp:33[m[K,
[1.976s]                  from [01m[K/opt/ros/foxy/include/rclcpp/executors/multi_threaded_executor.hpp:26[m[K,
[1.976s]                  from [01m[K/opt/ros/foxy/include/rclcpp/executors.hpp:21[m[K,
[1.976s]                  from [01m[K/opt/ros/foxy/include/rclcpp/rclcpp.hpp:146[m[K,
[1.976s]                  from [01m[K/ws/go2_ws/src/movement/src/gamepad_controller.cpp:5[m[K:
[1.976s] [01m[K/ws/go2_ws/src/movement/src/gamepad_controller.cpp:48:5:[m[K [01;31m[Kerror: [m[Ktemplate argument 1 is invalid
[1.976s]    48 |     [01;31m[KRCLCPP_INFO[m[K(get_logger(), "Current position: %f, %f, %f", currentX_, currentY_, currentYaw_);
[1.977s]       |     [01;31m[K^~~~~~~~~~~[m[K
[1.977s] [01m[K/ws/go2_ws/src/movement/src/gamepad_controller.cpp:48:5:[m[K [01;31m[Kerror: [m[Ktemplate argument 1 is invalid
[1.977s]    48 |     [01;31m[KRCLCPP_INFO[m[K(get_logger(), "Current position: %f, %f, %f", currentX_, currentY_, currentYaw_);
[1.977s]       |     [01;31m[K^~~~~~~~~~~[m[K
[1.977s] [01m[K/ws/go2_ws/src/movement/src/gamepad_controller.cpp:48:5:[m[K [01;31m[Kerror: [m[Ktemplate argument 1 is invalid
[1.977s]    48 |     [01;31m[KRCLCPP_INFO[m[K(get_logger(), "Current position: %f, %f, %f", currentX_, currentY_, currentYaw_);
[1.977s]       |     [01;31m[K^~~~~~~~~~~[m[K
[1.977s] [01m[K/ws/go2_ws/src/movement/src/gamepad_controller.cpp:[m[K In function ‘[01m[Kint main(int, char**)[m[K’:
[1.977s] [01m[K/ws/go2_ws/src/movement/src/gamepad_controller.cpp:54:35:[m[K [01;31m[Kerror: [m[K‘[01m[KGamepadControl[m[K’ was not declared in this scope
[1.977s]    54 |     rclcpp::spin(std::make_shared<[01;31m[KGamepadControl[m[K>());
[1.977s]       |                                   [01;31m[K^~~~~~~~~~~~~~[m[K
[1.978s] [01m[K/ws/go2_ws/src/movement/src/gamepad_controller.cpp:54:51:[m[K [01;31m[Kerror: [m[Kno matching function for call to ‘[01m[Kmake_shared<<expression error> >()[m[K’
[1.978s]    54 |     rclcpp::spin(std::make_shared<GamepadControl>([01;31m[K)[m[K);
[1.978s]       |                                                   [01;31m[K^[m[K
[1.978s] In file included from [01m[K/usr/include/c++/9/memory:81[m[K,
[1.978s]                  from [01m[K/opt/ros/foxy/include/rclcpp/rclcpp.hpp:144[m[K,
[1.978s]                  from [01m[K/ws/go2_ws/src/movement/src/gamepad_controller.cpp:5[m[K:
[1.979s] [01m[K/usr/include/c++/9/bits/shared_ptr.h:714:5:[m[K [01;36m[Knote: [m[Kcandidate: ‘[01m[Ktemplate<class _Tp, class ... _Args> std::shared_ptr<_Tp> std::make_shared(_Args&& ...)[m[K’
[1.979s]   714 |     [01;36m[Kmake_shared[m[K(_Args&&... __args)
[1.979s]       |     [01;36m[K^~~~~~~~~~~[m[K
[1.980s] [01m[K/usr/include/c++/9/bits/shared_ptr.h:714:5:[m[K [01;36m[Knote: [m[K  template argument deduction/substitution failed:
[1.980s] [01m[K/ws/go2_ws/src/movement/src/gamepad_controller.cpp:54:51:[m[K [01;31m[Kerror: [m[Ktemplate argument 1 is invalid
[1.980s]    54 |     rclcpp::spin(std::make_shared<GamepadControl>([01;31m[K)[m[K);
[1.981s]       |                                                   [01;31m[K^[m[K
[2.920s] make[2]: *** [CMakeFiles/gamepad_controller.dir/build.make:63: CMakeFiles/gamepad_controller.dir/src/gamepad_controller.cpp.o] Error 1
[2.921s] make[1]: *** [CMakeFiles/Makefile2:82: CMakeFiles/gamepad_controller.dir/all] Error 2
[2.925s] make: *** [Makefile:141: all] Error 2
[2.938s] Invoked command in '/ws/go2_ws/src/build/movement' returned '2': CMAKE_PREFIX_PATH=${CMAKE_PREFIX_PATH}:/opt/ros/foxy /usr/bin/cmake --build /ws/go2_ws/src/build/movement -- -j8 -l8
