Performing C SOURCE FILE Test CMAKE_HAVE_LIBC_PTHREAD failed with the following output:
Change Dir: /ws/go2_ws/src/build/movement/CMakeFiles/CMakeTmp

Run Build Command(s):/usr/bin/make cmTC_c6153/fast && make: Warning: File 'Makefile' has modification time 0.0016 s in the future
/usr/bin/make -f CMakeFiles/cmTC_c6153.dir/build.make CMakeFiles/cmTC_c6153.dir/build
make[1]: Entering directory '/ws/go2_ws/src/build/movement/CMakeFiles/CMakeTmp'
make[1]: Warning: File 'CMakeFiles/cmTC_c6153.dir/progress.make' has modification time 0.002 s in the future
Building C object CMakeFiles/cmTC_c6153.dir/src.c.o
/usr/bin/cc   -march=armv8.3-a -DCMAKE_HAVE_LIBC_PTHREAD   -o CMakeFiles/cmTC_c6153.dir/src.c.o   -c /ws/go2_ws/src/build/movement/CMakeFiles/CMakeTmp/src.c
Linking C executable cmTC_c6153
/usr/bin/cmake -E cmake_link_script CMakeFiles/cmTC_c6153.dir/link.txt --verbose=1
/usr/bin/cc -march=armv8.3-a -DCMAKE_HAVE_LIBC_PTHREAD    CMakeFiles/cmTC_c6153.dir/src.c.o  -o cmTC_c6153 
/usr/bin/ld: CMakeFiles/cmTC_c6153.dir/src.c.o: in function `main':
src.c:(.text+0x48): undefined reference to `pthread_create'
/usr/bin/ld: src.c:(.text+0x50): undefined reference to `pthread_detach'
/usr/bin/ld: src.c:(.text+0x5c): undefined reference to `pthread_join'
collect2: error: ld returned 1 exit status
make[1]: *** [CMakeFiles/cmTC_c6153.dir/build.make:87: cmTC_c6153] Error 1
make[1]: Leaving directory '/ws/go2_ws/src/build/movement/CMakeFiles/CMakeTmp'
make: *** [Makefile:121: cmTC_c6153/fast] Error 2


Source file was:
#include <pthread.h>

void* test_func(void* data)
{
  return data;
}

int main(void)
{
  pthread_t thread;
  pthread_create(&thread, NULL, test_func, NULL);
  pthread_detach(thread);
  pthread_join(thread, NULL);
  pthread_atfork(NULL, NULL, NULL);
  pthread_exit(NULL);

  return 0;
}

Determining if the function pthread_create exists in the pthreads failed with the following output:
Change Dir: /ws/go2_ws/src/build/movement/CMakeFiles/CMakeTmp

Run Build Command(s):/usr/bin/make cmTC_aeaee/fast && make: Warning: File 'Makefile' has modification time 0.0014 s in the future
/usr/bin/make -f CMakeFiles/cmTC_aeaee.dir/build.make CMakeFiles/cmTC_aeaee.dir/build
make[1]: Entering directory '/ws/go2_ws/src/build/movement/CMakeFiles/CMakeTmp'
make[1]: Warning: File 'CMakeFiles/cmTC_aeaee.dir/progress.make' has modification time 0.0027 s in the future
Building C object CMakeFiles/cmTC_aeaee.dir/CheckFunctionExists.c.o
/usr/bin/cc   -march=armv8.3-a -DCHECK_FUNCTION_EXISTS=pthread_create   -o CMakeFiles/cmTC_aeaee.dir/CheckFunctionExists.c.o   -c /usr/share/cmake-3.16/Modules/CheckFunctionExists.c
Linking C executable cmTC_aeaee
/usr/bin/cmake -E cmake_link_script CMakeFiles/cmTC_aeaee.dir/link.txt --verbose=1
/usr/bin/cc -march=armv8.3-a -DCHECK_FUNCTION_EXISTS=pthread_create    CMakeFiles/cmTC_aeaee.dir/CheckFunctionExists.c.o  -o cmTC_aeaee  -lpthreads 
/usr/bin/ld: cannot find -lpthreads
collect2: error: ld returned 1 exit status
make[1]: *** [CMakeFiles/cmTC_aeaee.dir/build.make:87: cmTC_aeaee] Error 1
make[1]: Leaving directory '/ws/go2_ws/src/build/movement/CMakeFiles/CMakeTmp'
make: *** [Makefile:121: cmTC_aeaee/fast] Error 2



