-- Found ament_cmake: 0.9.12 (/opt/ros/foxy/share/ament_cmake/cmake)
-- Using PYTHON_EXECUTABLE: /usr/bin/python3
-- Found unitree_go: 0.0.0 (/root/unitree_ros2/cyclonedds_ws/install/unitree_go/share/unitree_go/cmake)
-- Using all available rosidl_typesupport_c: rosidl_typesupport_fastrtps_c;rosidl_typesupport_introspection_c
-- Found rosidl_adapter: 1.3.1 (/opt/ros/foxy/share/rosidl_adapter/cmake)
-- Using all available rosidl_typesupport_cpp: rosidl_typesupport_fastrtps_cpp;rosidl_typesupport_introspection_cpp
-- Found unitree_api: 0.0.0 (/root/unitree_ros2/cyclonedds_ws/install/unitree_api/share/unitree_api/cmake)
-- Found rclcpp: 2.4.3 (/opt/ros/foxy/share/rclcpp/cmake)
-- Found rmw_implementation_cmake: 1.0.4 (/opt/ros/foxy/share/rmw_implementation_cmake/cmake)
-- Using RMW implementation 'rmw_cyclonedds_cpp' as default
-- Configuring done
-- Generating done
-- Build files have been written to: /ws/go2_ws/src/build/movement
[35m[1mScanning dependencies of target keyboard_control[0m
[35m[1mScanning dependencies of target back_and_forth[0m
[ 16%] [32mBuilding CXX object CMakeFiles/keyboard_control.dir/src/common/ros2_sport_client.cpp.o[0m
[ 33%] [32mBuilding CXX object CMakeFiles/keyboard_control.dir/src/keyboard_control.cpp.o[0m
[ 66%] [32mBuilding CXX object CMakeFiles/back_and_forth.dir/src/back_and_forth.cpp.o[0m
[ 66%] [32mBuilding CXX object CMakeFiles/back_and_forth.dir/src/common/ros2_sport_client.cpp.o[0m
[ 83%] [32m[1mLinking CXX executable keyboard_control[0m
[100%] [32m[1mLinking CXX executable back_and_forth[0m
[100%] Built target keyboard_control
[100%] Built target back_and_forth
-- Install configuration: ""
-- Installing: /ws/go2_ws/src/install/movement/lib/movement/back_and_forth
-- Set runtime path of "/ws/go2_ws/src/install/movement/lib/movement/back_and_forth" to ""
-- Installing: /ws/go2_ws/src/install/movement/lib/movement/keyboard_control
-- Set runtime path of "/ws/go2_ws/src/install/movement/lib/movement/keyboard_control" to ""
