[0.014s] Invoking command in '/ws/go2_ws/src/build/movement': CMAKE_PREFIX_PATH=${CMAKE_PREFIX_PATH}:/opt/ros/foxy /usr/bin/cmake /ws/go2_ws/src/movement -DCMAKE_INSTALL_PREFIX=/ws/go2_ws/src/install/movement
[0.026s] -- Found ament_cmake: 0.9.12 (/opt/ros/foxy/share/ament_cmake/cmake)
[0.038s] -- Using PYTHON_EXECUTABLE: /usr/bin/python3
[0.107s] -- Found unitree_go: 0.0.0 (/root/unitree_ros2/cyclonedds_ws/install/unitree_go/share/unitree_go/cmake)
[0.119s] -- Using all available rosidl_typesupport_c: rosidl_typesupport_fastrtps_c;rosidl_typesupport_introspection_c
[0.121s] -- Found rosidl_adapter: 1.3.1 (/opt/ros/foxy/share/rosidl_adapter/cmake)
[0.175s] -- Using all available rosidl_typesupport_cpp: rosidl_typesupport_fastrtps_cpp;rosidl_typesupport_introspection_cpp
[0.250s] -- Found unitree_api: 0.0.0 (/root/unitree_ros2/cyclonedds_ws/install/unitree_api/share/unitree_api/cmake)
[0.281s] -- Found rclcpp: 2.4.3 (/opt/ros/foxy/share/rclcpp/cmake)
[0.298s] -- Found rmw_implementation_cmake: 1.0.4 (/opt/ros/foxy/share/rmw_implementation_cmake/cmake)
[0.302s] -- Using RMW implementation 'rmw_cyclonedds_cpp' as default
[0.421s] -- Configuring done
[0.453s] -- Generating done
[0.461s] -- Build files have been written to: /ws/go2_ws/src/build/movement
[0.463s] Invoked command in '/ws/go2_ws/src/build/movement' returned '0': CMAKE_PREFIX_PATH=${CMAKE_PREFIX_PATH}:/opt/ros/foxy /usr/bin/cmake /ws/go2_ws/src/movement -DCMAKE_INSTALL_PREFIX=/ws/go2_ws/src/install/movement
[0.465s] Invoking command in '/ws/go2_ws/src/build/movement': CMAKE_PREFIX_PATH=${CMAKE_PREFIX_PATH}:/opt/ros/foxy /usr/bin/cmake --build /ws/go2_ws/src/build/movement -- -j8 -l8
[0.490s] [35m[1mScanning dependencies of target keyboard_control[0m
[0.509s] [35m[1mScanning dependencies of target back_and_forth[0m
[0.801s] [ 16%] [32mBuilding CXX object CMakeFiles/keyboard_control.dir/src/common/ros2_sport_client.cpp.o[0m
[0.803s] [ 33%] [32mBuilding CXX object CMakeFiles/keyboard_control.dir/src/keyboard_control.cpp.o[0m
[0.808s] [ 66%] [32mBuilding CXX object CMakeFiles/back_and_forth.dir/src/back_and_forth.cpp.o[0m
[0.808s] [ 66%] [32mBuilding CXX object CMakeFiles/back_and_forth.dir/src/common/ros2_sport_client.cpp.o[0m
[7.672s] [ 83%] [32m[1mLinking CXX executable keyboard_control[0m
[7.678s] [100%] [32m[1mLinking CXX executable back_and_forth[0m
[7.936s] [100%] Built target keyboard_control
[7.936s] [100%] Built target back_and_forth
[7.947s] Invoked command in '/ws/go2_ws/src/build/movement' returned '0': CMAKE_PREFIX_PATH=${CMAKE_PREFIX_PATH}:/opt/ros/foxy /usr/bin/cmake --build /ws/go2_ws/src/build/movement -- -j8 -l8
[7.988s] Invoking command in '/ws/go2_ws/src/build/movement': CMAKE_PREFIX_PATH=${CMAKE_PREFIX_PATH}:/opt/ros/foxy /usr/bin/cmake --install /ws/go2_ws/src/build/movement
[7.992s] -- Install configuration: ""
[7.997s] -- Installing: /ws/go2_ws/src/install/movement/lib/movement/back_and_forth
[8.013s] -- Set runtime path of "/ws/go2_ws/src/install/movement/lib/movement/back_and_forth" to ""
[8.013s] -- Installing: /ws/go2_ws/src/install/movement/lib/movement/keyboard_control
[8.029s] -- Set runtime path of "/ws/go2_ws/src/install/movement/lib/movement/keyboard_control" to ""
[8.030s] CMake Error at cmake_install.cmake:81 (file):
[8.030s]   file INSTALL cannot find "/ws/go2_ws/src/movement/launch": No such file or
[8.030s]   directory.
[8.030s] 
[8.030s] 
[8.031s] Invoked command in '/ws/go2_ws/src/build/movement' returned '1': CMAKE_PREFIX_PATH=${CMAKE_PREFIX_PATH}:/opt/ros/foxy /usr/bin/cmake --install /ws/go2_ws/src/build/movement
