[0.020s] Invoking command in '/ws/go2_ws/src/build/movement': CMAKE_PREFIX_PATH=${CMAKE_PREFIX_PATH}:/opt/ros/foxy /usr/bin/cmake --build /ws/go2_ws/src/build/movement -- -j8 -l8
[0.085s] [35m[1mScanning dependencies of target gamepad_controller[0m
[0.109s] [ 66%] Built target keyboard_control
[0.109s] [ 66%] Built target back_and_forth
[0.340s] [ 77%] [32mBuilding CXX object CMakeFiles/gamepad_controller.dir/src/gamepad_controller.cpp.o[0m
[1.296s] [01m[K/ws/go2_ws/src/movement/src/gamepad_controller.cpp:[m[K In member function ‘[01m[Kvoid GamepadControl::timerCallback()[m[K’:
[1.299s] [01m[K/ws/go2_ws/src/movement/src/gamepad_controller.cpp:24:29:[m[K [01;31m[Kerror: [m[Kno matching function for call to ‘[01m[KGamepadControl::getGamepadInput()[m[K’
[1.299s]    24 |     input = getGamepadInput([01;31m[K)[m[K;
[1.299s]       |                             [01;31m[K^[m[K
[1.299s] In file included from [01m[K/ws/go2_ws/src/movement/src/gamepad_controller.cpp:9[m[K:
[1.300s] [01m[K/ws/go2_ws/src/movement/include/gamepad_controller.h:30:10:[m[K [01;36m[Knote: [m[Kcandidate: ‘[01m[Kvoid GamepadControl::getGamepadInput(GamepadControl::GamepadInput&)[m[K’
[1.300s]    30 |     void [01;36m[KgetGamepadInput[m[K(GamepadInput &input);
[1.300s]       |          [01;36m[K^~~~~~~~~~~~~~~[m[K
[1.300s] [01m[K/ws/go2_ws/src/movement/include/gamepad_controller.h:30:10:[m[K [01;36m[Knote: [m[K  candidate expects 1 argument, 0 provided
[1.379s] [01m[K/ws/go2_ws/src/movement/src/gamepad_controller.cpp:[m[K In member function ‘[01m[Kvoid GamepadControl::getGamepadInput(GamepadControl::GamepadInput&)[m[K’:
[1.380s] [01m[K/ws/go2_ws/src/movement/src/gamepad_controller.cpp:34:52:[m[K [01;35m[Kwarning: [m[Kunused parameter ‘[01m[Kinput[m[K’ [[01;35m[K-Wunused-parameter[m[K]
[1.380s]    34 | :getGamepadInput([01;35m[KGamepadInput &input[m[K)
[1.380s]       |                  [01;35m[K~~~~~~~~~~~~~~^~~~~[m[K
[1.380s] 
[3.859s] make[2]: *** [CMakeFiles/gamepad_controller.dir/build.make:63: CMakeFiles/gamepad_controller.dir/src/gamepad_controller.cpp.o] Error 1
[3.859s] make[1]: *** [CMakeFiles/Makefile2:82: CMakeFiles/gamepad_controller.dir/all] Error 2
[3.860s] make: *** [Makefile:141: all] Error 2
[3.872s] Invoked command in '/ws/go2_ws/src/build/movement' returned '2': CMAKE_PREFIX_PATH=${CMAKE_PREFIX_PATH}:/opt/ros/foxy /usr/bin/cmake --build /ws/go2_ws/src/build/movement -- -j8 -l8
