[0.030s] Invoking command in '/ws/go2_ws/src/build/movement': CMAKE_PREFIX_PATH=${CMAKE_PREFIX_PATH}:/opt/ros/foxy /usr/bin/cmake --build /ws/go2_ws/src/build/movement -- -j8 -l8
[0.176s] [35m[1mScanning dependencies of target gamepad_controller[0m
[0.217s] [ 33%] Built target keyboard_control
[0.219s] [ 66%] Built target back_and_forth
[0.447s] [ 77%] [32mBuilding CXX object CMakeFiles/gamepad_controller.dir/src/gamepad_controller.cpp.o[0m
[2.080s] In file included from [01m[K/ws/go2_ws/src/movement/src/gamepad_controller.cpp:5[m[K:
[2.081s] [01m[K/ws/go2_ws/src/movement/include/gamepad_controller.h:36:22:[m[K [01;31m[Kerror: [m[K‘[01m[Ksensor_msgs[m[K’ has not been declared
[2.081s]    36 |     void joyCallback([01;31m[Ksensor_msgs[m[K::msg::Joy::SharedPtr data)
[2.081s]       |                      [01;31m[K^~~~~~~~~~~[m[K
[2.081s] [01m[K/ws/go2_ws/src/movement/include/gamepad_controller.h:36:55:[m[K [01;31m[Kerror: [m[Kexpected ‘[01m[K,[m[K’ or ‘[01m[K...[m[K’ before ‘[01m[Kdata[m[K’
[2.081s]    36 | nsor_msgs::msg::Joy::SharedPtr [01;31m[Kdata[m[K)
[2.081s]       |                                [01;31m[K^~~~[m[K
[2.082s] 
[2.082s] [01m[K/ws/go2_ws/src/movement/include/gamepad_controller.h:36:59:[m[K [01;31m[Kerror: [m[Kexpected ‘[01m[K;[m[K’ at end of member declaration
[2.083s]    36 | _msgs::msg::Joy::SharedPtr data[01;31m[K)[m[K
[2.083s]       |                                [01;31m[K^[m[K
[2.083s]       |                                 [32m[K;[m[K
[2.124s] [01m[K/ws/go2_ws/src/movement/src/gamepad_controller.cpp:[m[K In constructor ‘[01m[KGamepadControl::GamepadControl()[m[K’:
[2.124s] [01m[K/ws/go2_ws/src/movement/src/gamepad_controller.cpp:12:5:[m[K [01;31m[Kerror: [m[K‘[01m[KjoySuber_[m[K’ was not declared in this scope
[2.124s]    12 |     [01;31m[KjoySuber_[m[K = this->create_subscription<sensor_msgs::msg::Joy>("joy", 10, std::bind(&GamepadControl::joyCallback, this, std::placeholders::_1));
[2.124s]       |     [01;31m[K^~~~~~~~~[m[K
[2.234s] [01m[K/ws/go2_ws/src/movement/src/gamepad_controller.cpp:[m[K At global scope:
[2.234s] [01m[K/ws/go2_ws/src/movement/src/gamepad_controller.cpp:20:5:[m[K [01;31m[Kerror: [m[Kexpected initializer before ‘[01m[Kfloat[m[K’
[2.234s]    20 |     [01;31m[Kfloat[m[K vx = input.vx;
[2.235s]       |     [01;31m[K^~~~~[m[K
[2.236s] [01m[K/ws/go2_ws/src/movement/src/gamepad_controller.cpp:21:16:[m[K [01;31m[Kerror: [m[K‘[01m[Kinput[m[K’ was not declared in this scope
[2.236s]    21 |     float vy = [01;31m[Kinput[m[K.vy;
[2.236s]       |                [01;31m[K^~~~~[m[K
[2.237s] [01m[K/ws/go2_ws/src/movement/src/gamepad_controller.cpp:22:18:[m[K [01;31m[Kerror: [m[K‘[01m[Kinput[m[K’ was not declared in this scope
[2.237s]    22 |     float vyaw = [01;31m[Kinput[m[K.vyaw;
[2.237s]       |                  [01;31m[K^~~~~[m[K
[2.237s] In file included from [01m[K/opt/ros/foxy/include/rclcpp/service.hpp:34[m[K,
[2.237s]                  from [01m[K/opt/ros/foxy/include/rclcpp/callback_group.hpp:25[m[K,
[2.238s]                  from [01m[K/opt/ros/foxy/include/rclcpp/any_executable.hpp:20[m[K,
[2.238s]                  from [01m[K/opt/ros/foxy/include/rclcpp/memory_strategy.hpp:24[m[K,
[2.238s]                  from [01m[K/opt/ros/foxy/include/rclcpp/memory_strategies.hpp:18[m[K,
[2.238s]                  from [01m[K/opt/ros/foxy/include/rclcpp/executor_options.hpp:20[m[K,
[2.239s]                  from [01m[K/opt/ros/foxy/include/rclcpp/executor.hpp:33[m[K,
[2.240s]                  from [01m[K/opt/ros/foxy/include/rclcpp/executors/multi_threaded_executor.hpp:26[m[K,
[2.240s]                  from [01m[K/opt/ros/foxy/include/rclcpp/executors.hpp:21[m[K,
[2.240s]                  from [01m[K/opt/ros/foxy/include/rclcpp/rclcpp.hpp:146[m[K,
[2.240s]                  from [01m[K/ws/go2_ws/src/movement/include/gamepad_controller.h:7[m[K,
[2.240s]                  from [01m[K/ws/go2_ws/src/movement/src/gamepad_controller.cpp:5[m[K:
[2.241s] [01m[K/ws/go2_ws/src/movement/src/gamepad_controller.cpp:24:5:[m[K [01;31m[Kerror: [m[Kexpected unqualified-id before ‘[01m[Kdo[m[K’
[2.242s]    24 |     [01;31m[KRCLCPP_INFO[m[K(this->get_logger(), "Gamepad input: %f, %f, %f", vx, vy, vyaw);
[2.243s]       |     [01;31m[K^~~~~~~~~~~[m[K
[2.244s] [01m[K/ws/go2_ws/src/movement/src/gamepad_controller.cpp:24:5:[m[K [01;31m[Kerror: [m[Kexpected unqualified-id before ‘[01m[Kwhile[m[K’
[2.244s]    24 |     [01;31m[KRCLCPP_INFO[m[K(this->get_logger(), "Gamepad input: %f, %f, %f", vx, vy, vyaw);
[2.244s]       |     [01;31m[K^~~~~~~~~~~[m[K
[2.244s] [01m[K/ws/go2_ws/src/movement/src/gamepad_controller.cpp:25:5:[m[K [01;31m[Kerror: [m[K‘[01m[KsportClient_[m[K’ does not name a type; did you mean ‘[01m[KSportClient[m[K’?
[2.244s]    25 |     [01;31m[KsportClient_[m[K.Move(reqMsg_, vx, vy, vyaw);
[2.244s]       |     [01;31m[K^~~~~~~~~~~~[m[K
[2.244s]       |     [32m[KSportClient[m[K
[2.245s] [01m[K/ws/go2_ws/src/movement/src/gamepad_controller.cpp:26:5:[m[K [01;31m[Kerror: [m[K‘[01m[KreqPuber_[m[K’ does not name a type
[2.245s]    26 |     [01;31m[KreqPuber_[m[K->publish(reqMsg_);
[2.245s]       |     [01;31m[K^~~~~~~~~[m[K
[2.245s] [01m[K/ws/go2_ws/src/movement/src/gamepad_controller.cpp:27:1:[m[K [01;31m[Kerror: [m[Kexpected declaration before ‘[01m[K}[m[K’ token
[2.245s]    27 | [01;31m[K}[m[K
[2.245s]       | [01;31m[K^[m[K
[2.245s] [01m[K/ws/go2_ws/src/movement/src/gamepad_controller.cpp:29:6:[m[K [01;31m[Kerror: [m[Kno declaration matches ‘[01m[Kvoid GamepadControl::joyCallback(sensor_msgs::msg::Joy_<std::allocator<void> >::SharedPtr)[m[K’
[2.248s]    29 | void [01;31m[KGamepadControl[m[K::joyCallback(sensor_msgs::msg::Joy::SharedPtr data)
[2.249s]       |      [01;31m[K^~~~~~~~~~~~~~[m[K
[2.249s] In file included from [01m[K/ws/go2_ws/src/movement/src/gamepad_controller.cpp:5[m[K:
[2.249s] [01m[K/ws/go2_ws/src/movement/include/gamepad_controller.h:36:10:[m[K [01;36m[Knote: [m[Kcandidate is: ‘[01m[Kvoid GamepadControl::joyCallback(int)[m[K’
[2.249s]    36 |     void [01;36m[KjoyCallback[m[K(sensor_msgs::msg::Joy::SharedPtr data)
[2.249s]       |          [01;36m[K^~~~~~~~~~~[m[K
[2.249s] [01m[K/ws/go2_ws/src/movement/include/gamepad_controller.h:21:7:[m[K [01;36m[Knote: [m[K‘[01m[Kclass GamepadControl[m[K’ defined here
[2.249s]    21 | class [01;36m[KGamepadControl[m[K : public rclcpp::Node
[2.250s]       |       [01;36m[K^~~~~~~~~~~~~~[m[K
[2.437s] In file included from [01m[K/opt/ros/foxy/include/rclcpp/node_interfaces/node_topics_interface.hpp:32[m[K,
[2.437s]                  from [01m[K/opt/ros/foxy/include/rclcpp/node.hpp:55[m[K,
[2.437s]                  from [01m[K/opt/ros/foxy/include/rclcpp/executors/single_threaded_executor.hpp:28[m[K,
[2.437s]                  from [01m[K/opt/ros/foxy/include/rclcpp/executors.hpp:22[m[K,
[2.437s]                  from [01m[K/opt/ros/foxy/include/rclcpp/rclcpp.hpp:146[m[K,
[2.437s]                  from [01m[K/ws/go2_ws/src/movement/include/gamepad_controller.h:7[m[K,
[2.438s]                  from [01m[K/ws/go2_ws/src/movement/src/gamepad_controller.cpp:5[m[K:
[2.438s] /opt/ros/foxy/include/rclcpp/subscription_factory.hpp: In instantiation of ‘[01m[Krclcpp::SubscriptionFactory rclcpp::create_subscription_factory(CallbackT&&, const rclcpp::SubscriptionOptionsWithAllocator<AllocatorT>&, typename MessageMemoryStrategyT::SharedPtr, std::shared_ptr<rclcpp::topic_statistics::SubscriptionTopicStatistics<CallbackMessageT> >) [with MessageT = sensor_msgs::msg::Joy_<std::allocator<void> >; CallbackT = std::_Bind<void (GamepadControl::*(GamepadControl*, std::_Placeholder<1>))(int)>; AllocatorT = std::allocator<void>; CallbackMessageT = int; SubscriptionT = rclcpp::Subscription<int, std::allocator<void>, rclcpp::message_memory_strategy::MessageMemoryStrategy<int, std::allocator<void> > >; MessageMemoryStrategyT = rclcpp::message_memory_strategy::MessageMemoryStrategy<int, std::allocator<void> >; typename MessageMemoryStrategyT::SharedPtr = std::shared_ptr<rclcpp::message_memory_strategy::MessageMemoryStrategy<int, std::allocator<void> > >][m[K’:
[2.438s] [01m[K/opt/ros/foxy/include/rclcpp/create_subscription.hpp:144:63:[m[K   required from ‘[01m[Kstd::shared_ptr<SubscriptionT> rclcpp::create_subscription(NodeT&&, const string&, const rclcpp::QoS&, CallbackT&&, const rclcpp::SubscriptionOptionsWithAllocator<AllocatorT>&, typename MessageMemoryStrategyT::SharedPtr) [with MessageT = sensor_msgs::msg::Joy_<std::allocator<void> >; CallbackT = std::_Bind<void (GamepadControl::*(GamepadControl*, std::_Placeholder<1>))(int)>; AllocatorT = std::allocator<void>; CallbackMessageT = int; SubscriptionT = rclcpp::Subscription<int, std::allocator<void>, rclcpp::message_memory_strategy::MessageMemoryStrategy<int, std::allocator<void> > >; MessageMemoryStrategyT = rclcpp::message_memory_strategy::MessageMemoryStrategy<int, std::allocator<void> >; NodeT = rclcpp::Node&; std::string = std::__cxx11::basic_string<char>; typename MessageMemoryStrategyT::SharedPtr = std::shared_ptr<rclcpp::message_memory_strategy::MessageMemoryStrategy<int, std::allocator<void> > >][m[K’
[2.438s] [01m[K/opt/ros/foxy/include/rclcpp/node_impl.hpp:98:47:[m[K   required from ‘[01m[Kstd::shared_ptr<SubscriptionT> rclcpp::Node::create_subscription(const string&, const rclcpp::QoS&, CallbackT&&, const rclcpp::SubscriptionOptionsWithAllocator<AllocatorT>&, typename MessageMemoryStrategyT::SharedPtr) [with MessageT = sensor_msgs::msg::Joy_<std::allocator<void> >; CallbackT = std::_Bind<void (GamepadControl::*(GamepadControl*, std::_Placeholder<1>))(int)>; AllocatorT = std::allocator<void>; CallbackMessageT = int; SubscriptionT = rclcpp::Subscription<int, std::allocator<void>, rclcpp::message_memory_strategy::MessageMemoryStrategy<int, std::allocator<void> > >; MessageMemoryStrategyT = rclcpp::message_memory_strategy::MessageMemoryStrategy<int, std::allocator<void> >; std::string = std::__cxx11::basic_string<char>; typename MessageMemoryStrategyT::SharedPtr = std::shared_ptr<rclcpp::message_memory_strategy::MessageMemoryStrategy<int, std::allocator<void> > >][m[K’
[2.438s] [01m[K/ws/go2_ws/src/movement/src/gamepad_controller.cpp:12:145:[m[K   required from here
[2.438s] [01m[K/opt/ros/foxy/include/rclcpp/subscription_factory.hpp:97:3:[m[K [01;31m[Kerror: [m[Kno matching function for call to ‘[01m[Krclcpp::AnySubscriptionCallback<int, std::allocator<void> >::set(std::_Bind<void (GamepadControl::*(GamepadControl*, std::_Placeholder<1>))(int)>)[m[K’
[2.438s]    97 |   [01;31m[Kany_subscription_callback[m[K.set(std::forward<CallbackT>(callback));
[2.439s]       |   [01;31m[K^~~~~~~~~~~~~~~~~~~~~~~~~[m[K
[2.439s] In file included from [01m[K/opt/ros/foxy/include/rclcpp/subscription_base.hpp:29[m[K,
[2.439s]                  from [01m[K/opt/ros/foxy/include/rclcpp/callback_group.hpp:26[m[K,
[2.439s]                  from [01m[K/opt/ros/foxy/include/rclcpp/any_executable.hpp:20[m[K,
[2.439s]                  from [01m[K/opt/ros/foxy/include/rclcpp/memory_strategy.hpp:24[m[K,
[2.439s]                  from [01m[K/opt/ros/foxy/include/rclcpp/memory_strategies.hpp:18[m[K,
[2.439s]                  from [01m[K/opt/ros/foxy/include/rclcpp/executor_options.hpp:20[m[K,
[2.439s]                  from [01m[K/opt/ros/foxy/include/rclcpp/executor.hpp:33[m[K,
[2.439s]                  from [01m[K/opt/ros/foxy/include/rclcpp/executors/multi_threaded_executor.hpp:26[m[K,
[2.439s]                  from [01m[K/opt/ros/foxy/include/rclcpp/executors.hpp:21[m[K,
[2.439s]                  from [01m[K/opt/ros/foxy/include/rclcpp/rclcpp.hpp:146[m[K,
[2.439s]                  from [01m[K/ws/go2_ws/src/movement/include/gamepad_controller.h:7[m[K,
[2.440s]                  from [01m[K/ws/go2_ws/src/movement/src/gamepad_controller.cpp:5[m[K:
[2.441s] [01m[K/opt/ros/foxy/include/rclcpp/any_subscription_callback.hpp:83:8:[m[K [01;36m[Knote: [m[Kcandidate: ‘[01m[Ktemplate<class CallbackT, typename std::enable_if<rclcpp::function_traits::same_arguments<CallbackT, std::function<void(std::shared_ptr<int>)> >::value, void>::type* <anonymous> > void rclcpp::AnySubscriptionCallback<MessageT, Alloc>::set(CallbackT) [with CallbackT = CallbackT; typename std::enable_if<rclcpp::function_traits::same_arguments<CallbackT, std::function<void(std::shared_ptr<_Tp>)> >::value>::type* <anonymous> = <enumerator>; MessageT = int; Alloc = std::allocator<void>][m[K’
[2.441s]    83 |   void [01;36m[Kset[m[K(CallbackT callback)
[2.441s]       |        [01;36m[K^~~[m[K
[2.443s] [01m[K/opt/ros/foxy/include/rclcpp/any_subscription_callback.hpp:83:8:[m[K [01;36m[Knote: [m[K  template argument deduction/substitution failed:
[2.444s] [01m[K/opt/ros/foxy/include/rclcpp/any_subscription_callback.hpp:81:17:[m[K [01;31m[Kerror: [m[Kno type named ‘[01m[Ktype[m[K’ in ‘[01m[Kstruct std::enable_if<false, void>[m[K’
[2.445s]    81 |     >::type * = [01;31m[Knullptr[m[K
[2.445s]       |                 [01;31m[K^~~~~~~[m[K
[2.445s] [01m[K/opt/ros/foxy/include/rclcpp/any_subscription_callback.hpp:97:8:[m[K [01;36m[Knote: [m[Kcandidate: ‘[01m[Ktemplate<class CallbackT, typename std::enable_if<rclcpp::function_traits::same_arguments<CallbackT, std::function<void(std::shared_ptr<int>, const rclcpp::MessageInfo&)> >::value, void>::type* <anonymous> > void rclcpp::AnySubscriptionCallback<MessageT, Alloc>::set(CallbackT) [with CallbackT = CallbackT; typename std::enable_if<rclcpp::function_traits::same_arguments<CallbackT, std::function<void(std::shared_ptr<_Tp>, const rclcpp::MessageInfo&)> >::value>::type* <anonymous> = <enumerator>; MessageT = int; Alloc = std::allocator<void>][m[K’
[2.445s]    97 |   void [01;36m[Kset[m[K(CallbackT callback)
[2.445s]       |        [01;36m[K^~~[m[K
[2.445s] [01m[K/opt/ros/foxy/include/rclcpp/any_subscription_callback.hpp:97:8:[m[K [01;36m[Knote: [m[K  template argument deduction/substitution failed:
[2.445s] [01m[K/opt/ros/foxy/include/rclcpp/any_subscription_callback.hpp:95:17:[m[K [01;31m[Kerror: [m[Kno type named ‘[01m[Ktype[m[K’ in ‘[01m[Kstruct std::enable_if<false, void>[m[K’
[2.446s]    95 |     >::type * = [01;31m[Knullptr[m[K
[2.446s]       |                 [01;31m[K^~~~~~~[m[K
[2.446s] [01m[K/opt/ros/foxy/include/rclcpp/any_subscription_callback.hpp:111:8:[m[K [01;36m[Knote: [m[Kcandidate: ‘[01m[Ktemplate<class CallbackT, typename std::enable_if<rclcpp::function_traits::same_arguments<CallbackT, std::function<void(std::shared_ptr<const int>)> >::value, void>::type* <anonymous> > void rclcpp::AnySubscriptionCallback<MessageT, Alloc>::set(CallbackT) [with CallbackT = CallbackT; typename std::enable_if<rclcpp::function_traits::same_arguments<CallbackT, std::function<void(std::shared_ptr<const _Tp>)> >::value>::type* <anonymous> = <enumerator>; MessageT = int; Alloc = std::allocator<void>][m[K’
[2.446s]   111 |   void [01;36m[Kset[m[K(CallbackT callback)
[2.446s]       |        [01;36m[K^~~[m[K
[2.449s] [01m[K/opt/ros/foxy/include/rclcpp/any_subscription_callback.hpp:111:8:[m[K [01;36m[Knote: [m[K  template argument deduction/substitution failed:
[2.450s] [01m[K/opt/ros/foxy/include/rclcpp/any_subscription_callback.hpp:109:17:[m[K [01;31m[Kerror: [m[Kno type named ‘[01m[Ktype[m[K’ in ‘[01m[Kstruct std::enable_if<false, void>[m[K’
[2.450s]   109 |     >::type * = [01;31m[Knullptr[m[K
[2.450s]       |                 [01;31m[K^~~~~~~[m[K
[2.450s] [01m[K/opt/ros/foxy/include/rclcpp/any_subscription_callback.hpp:125:8:[m[K [01;36m[Knote: [m[Kcandidate: ‘[01m[Ktemplate<class CallbackT, typename std::enable_if<rclcpp::function_traits::same_arguments<CallbackT, std::function<void(std::shared_ptr<const int>, const rclcpp::MessageInfo&)> >::value, void>::type* <anonymous> > void rclcpp::AnySubscriptionCallback<MessageT, Alloc>::set(CallbackT) [with CallbackT = CallbackT; typename std::enable_if<rclcpp::function_traits::same_arguments<CallbackT, std::function<void(std::shared_ptr<const _Tp>, const rclcpp::MessageInfo&)> >::value>::type* <anonymous> = <enumerator>; MessageT = int; Alloc = std::allocator<void>][m[K’
[2.450s]   125 |   void [01;36m[Kset[m[K(CallbackT callback)
[2.450s]       |        [01;36m[K^~~[m[K
[2.450s] [01m[K/opt/ros/foxy/include/rclcpp/any_subscription_callback.hpp:125:8:[m[K [01;36m[Knote: [m[K  template argument deduction/substitution failed:
[2.451s] [01m[K/opt/ros/foxy/include/rclcpp/any_subscription_callback.hpp:123:17:[m[K [01;31m[Kerror: [m[Kno type named ‘[01m[Ktype[m[K’ in ‘[01m[Kstruct std::enable_if<false, void>[m[K’
[2.451s]   123 |     >::type * = [01;31m[Knullptr[m[K
[2.451s]       |                 [01;31m[K^~~~~~~[m[K
[2.451s] [01m[K/opt/ros/foxy/include/rclcpp/any_subscription_callback.hpp:139:8:[m[K [01;36m[Knote: [m[Kcandidate: ‘[01m[Ktemplate<class CallbackT, typename std::enable_if<rclcpp::function_traits::same_arguments<CallbackT, std::function<void(std::unique_ptr<int, std::default_delete<int> >)> >::value, void>::type* <anonymous> > void rclcpp::AnySubscriptionCallback<MessageT, Alloc>::set(CallbackT) [with CallbackT = CallbackT; typename std::enable_if<rclcpp::function_traits::same_arguments<CallbackT, std::function<void(std::unique_ptr<MessageT, typename std::conditional<std::is_same<typename std::allocator_traits<typename std::allocator_traits<_Alloc>::rebind_traits<MessageT>::allocator_type>::rebind_alloc<MessageT>, typename std::allocator<void>::rebind<_Tp1>::other>::value, std::default_delete<_Tp>, rclcpp::allocator::AllocatorDeleter<typename std::allocator_traits<_Alloc>::rebind_traits<MessageT>::allocator_type> >::type>)> >::value>::type* <anonymous> = <enumerator>; MessageT = int; Alloc = std::allocator<void>][m[K’
[2.451s]   139 |   void [01;36m[Kset[m[K(CallbackT callback)
[2.451s]       |        [01;36m[K^~~[m[K
[2.452s] [01m[K/opt/ros/foxy/include/rclcpp/any_subscription_callback.hpp:139:8:[m[K [01;36m[Knote: [m[K  template argument deduction/substitution failed:
[2.452s] [01m[K/opt/ros/foxy/include/rclcpp/any_subscription_callback.hpp:137:17:[m[K [01;31m[Kerror: [m[Kno type named ‘[01m[Ktype[m[K’ in ‘[01m[Kstruct std::enable_if<false, void>[m[K’
[2.452s]   137 |     >::type * = [01;31m[Knullptr[m[K
[2.452s]       |                 [01;31m[K^~~~~~~[m[K
[2.452s] [01m[K/opt/ros/foxy/include/rclcpp/any_subscription_callback.hpp:153:8:[m[K [01;36m[Knote: [m[Kcandidate: ‘[01m[Ktemplate<class CallbackT, typename std::enable_if<rclcpp::function_traits::same_arguments<CallbackT, std::function<void(std::unique_ptr<int, std::default_delete<int> >, const rclcpp::MessageInfo&)> >::value, void>::type* <anonymous> > void rclcpp::AnySubscriptionCallback<MessageT, Alloc>::set(CallbackT) [with CallbackT = CallbackT; typename std::enable_if<rclcpp::function_traits::same_arguments<CallbackT, std::function<void(std::unique_ptr<MessageT, typename std::conditional<std::is_same<typename std::allocator_traits<typename std::allocator_traits<_Alloc>::rebind_traits<MessageT>::allocator_type>::rebind_alloc<MessageT>, typename std::allocator<void>::rebind<_Tp1>::other>::value, std::default_delete<_Tp>, rclcpp::allocator::AllocatorDeleter<typename std::allocator_traits<_Alloc>::rebind_traits<MessageT>::allocator_type> >::type>, const rclcpp::MessageInfo&)> >::value>::type* <anonymous> = <enumerator>; MessageT = int; Alloc = std::allocator<void>][m[K’
[2.452s]   153 |   void [01;36m[Kset[m[K(CallbackT callback)
[2.452s]       |        [01;36m[K^~~[m[K
[2.452s] [01m[K/opt/ros/foxy/include/rclcpp/any_subscription_callback.hpp:153:8:[m[K [01;36m[Knote: [m[K  template argument deduction/substitution failed:
[2.452s] [01m[K/opt/ros/foxy/include/rclcpp/any_subscription_callback.hpp:151:17:[m[K [01;31m[Kerror: [m[Kno type named ‘[01m[Ktype[m[K’ in ‘[01m[Kstruct std::enable_if<false, void>[m[K’
[2.453s]   151 |     >::type * = [01;31m[Knullptr[m[K
[2.453s]       |                 [01;31m[K^~~~~~~[m[K
[3.539s] In file included from [01m[K/usr/include/c++/9/future:48[m[K,
[3.540s]                  from [01m[K/opt/ros/foxy/include/rclcpp/executors.hpp:18[m[K,
[3.540s]                  from [01m[K/opt/ros/foxy/include/rclcpp/rclcpp.hpp:146[m[K,
[3.540s]                  from [01m[K/ws/go2_ws/src/movement/include/gamepad_controller.h:7[m[K,
[3.540s]                  from [01m[K/ws/go2_ws/src/movement/src/gamepad_controller.cpp:5[m[K:
[3.540s] [01m[K/usr/include/c++/9/bits/std_function.h:667:7:[m[K [01;31m[Kerror: [m[K‘[01m[Kstd::function<_Res(_ArgTypes ...)>::function(_Functor) [with _Functor = rclcpp::create_subscription_factory(CallbackT&&, const rclcpp::SubscriptionOptionsWithAllocator<AllocatorT>&, typename MessageMemoryStrategyT::SharedPtr, std::shared_ptr<rclcpp::topic_statistics::SubscriptionTopicStatistics<CallbackMessageT> >) [with MessageT = sensor_msgs::msg::Joy_<std::allocator<void> >; CallbackT = std::_Bind<void (GamepadControl::*(GamepadControl*, std::_Placeholder<1>))(int)>; AllocatorT = std::allocator<void>; CallbackMessageT = int; SubscriptionT = rclcpp::Subscription<int, std::allocator<void>, rclcpp::message_memory_strategy::MessageMemoryStrategy<int, std::allocator<void> > >; MessageMemoryStrategyT = rclcpp::message_memory_strategy::MessageMemoryStrategy<int, std::allocator<void> >; typename MessageMemoryStrategyT::SharedPtr = std::shared_ptr<rclcpp::message_memory_strategy::MessageMemoryStrategy<int, std::allocator<void> > >]::<lambda(rclcpp::node_interfaces::NodeBaseInterface*, const string&, const rclcpp::QoS&)>; <template-parameter-2-2> = void; <template-parameter-2-3> = void; _Res = std::shared_ptr<rclcpp::SubscriptionBase>; _ArgTypes = {rclcpp::node_interfaces::NodeBaseInterface*, const std::__cxx11::basic_string<char, std::char_traits<char>, std::allocator<char> >&, const rclcpp::QoS&}][m[K’, declared using local type ‘[01m[Krclcpp::create_subscription_factory(CallbackT&&, const rclcpp::SubscriptionOptionsWithAllocator<AllocatorT>&, typename MessageMemoryStrategyT::SharedPtr, std::shared_ptr<rclcpp::topic_statistics::SubscriptionTopicStatistics<CallbackMessageT> >) [with MessageT = sensor_msgs::msg::Joy_<std::allocator<void> >; CallbackT = std::_Bind<void (GamepadControl::*(GamepadControl*, std::_Placeholder<1>))(int)>; AllocatorT = std::allocator<void>; CallbackMessageT = int; SubscriptionT = rclcpp::Subscription<int, std::allocator<void>, rclcpp::message_memory_strategy::MessageMemoryStrategy<int, std::allocator<void> > >; MessageMemoryStrategyT = rclcpp::message_memory_strategy::MessageMemoryStrategy<int, std::allocator<void> >; typename MessageMemoryStrategyT::SharedPtr = std::shared_ptr<rclcpp::message_memory_strategy::MessageMemoryStrategy<int, std::allocator<void> > >]::<lambda(rclcpp::node_interfaces::NodeBaseInterface*, const string&, const rclcpp::QoS&)>[m[K’, is used but never defined [[01;31m[K-fpermissive[m[K]
[3.541s]   667 |       [01;31m[Kfunction<_Res(_ArgTypes...)>[m[K::
[3.541s]       |       [01;31m[K^~~~~~~~~~~~~~~~~~~~~~~~~~~~[m[K
[3.712s] make[2]: *** [CMakeFiles/gamepad_controller.dir/build.make:63: CMakeFiles/gamepad_controller.dir/src/gamepad_controller.cpp.o] Error 1
[3.713s] make[1]: *** [CMakeFiles/Makefile2:82: CMakeFiles/gamepad_controller.dir/all] Error 2
[3.713s] make: *** [Makefile:141: all] Error 2
[3.722s] Invoked command in '/ws/go2_ws/src/build/movement' returned '2': CMAKE_PREFIX_PATH=${CMAKE_PREFIX_PATH}:/opt/ros/foxy /usr/bin/cmake --build /ws/go2_ws/src/build/movement -- -j8 -l8
