[0.028s] Invoking command in '/home/borong/Docker_Unitree_Majoco/go2_ws/build/movement': CMAKE_PREFIX_PATH=${CMAKE_PREFIX_PATH}:/opt/ros/foxy /usr/bin/cmake --build /home/borong/Docker_Unitree_Majoco/go2_ws/build/movement -- -j4 -l4
[0.145s] [35m[1mScanning dependencies of target gamepad_controller[0m
[0.239s] [ 33%] Built target back_and_forth
[0.264s] [ 66%] Built target keyboard_control
[0.303s] [ 77%] [32mBuilding CXX object CMakeFiles/gamepad_controller.dir/src/gamepad_controller.cpp.o[0m
[19.158s] [ 88%] [32m[1mLinking CXX executable gamepad_controller[0m
[20.208s] [100%] Built target gamepad_controller
[20.235s] Invoked command in '/home/borong/Docker_Unitree_Majoco/go2_ws/build/movement' returned '0': CMAKE_PREFIX_PATH=${CMAKE_PREFIX_PATH}:/opt/ros/foxy /usr/bin/cmake --build /home/borong/Docker_Unitree_Majoco/go2_ws/build/movement -- -j4 -l4
[20.264s] Invoking command in '/home/borong/Docker_Unitree_Majoco/go2_ws/build/movement': CMAKE_PREFIX_PATH=${CMAKE_PREFIX_PATH}:/opt/ros/foxy /usr/bin/cmake --install /home/borong/Docker_Unitree_Majoco/go2_ws/build/movement
[20.290s] -- Install configuration: ""
[20.291s] -- Up-to-date: /home/borong/Docker_Unitree_Majoco/go2_ws/install/movement/lib/movement/back_and_forth
[20.291s] -- Up-to-date: /home/borong/Docker_Unitree_Majoco/go2_ws/install/movement/lib/movement/keyboard_control
[20.292s] -- Installing: /home/borong/Docker_Unitree_Majoco/go2_ws/install/movement/lib/movement/gamepad_controller
[20.301s] -- Set runtime path of "/home/borong/Docker_Unitree_Majoco/go2_ws/install/movement/lib/movement/gamepad_controller" to ""
[20.302s] -- Up-to-date: /home/borong/Docker_Unitree_Majoco/go2_ws/install/movement/share/movement//launch
[20.303s] -- Up-to-date: /home/borong/Docker_Unitree_Majoco/go2_ws/install/movement/share/movement//launch/launch.py
[20.303s] -- Up-to-date: /home/borong/Docker_Unitree_Majoco/go2_ws/install/movement/share/ament_index/resource_index/package_run_dependencies/movement
[20.304s] -- Up-to-date: /home/borong/Docker_Unitree_Majoco/go2_ws/install/movement/share/ament_index/resource_index/parent_prefix_path/movement
[20.304s] -- Up-to-date: /home/borong/Docker_Unitree_Majoco/go2_ws/install/movement/share/movement/environment/ament_prefix_path.sh
[20.304s] -- Up-to-date: /home/borong/Docker_Unitree_Majoco/go2_ws/install/movement/share/movement/environment/ament_prefix_path.dsv
[20.305s] -- Up-to-date: /home/borong/Docker_Unitree_Majoco/go2_ws/install/movement/share/movement/environment/path.sh
[20.305s] -- Up-to-date: /home/borong/Docker_Unitree_Majoco/go2_ws/install/movement/share/movement/environment/path.dsv
[20.305s] -- Up-to-date: /home/borong/Docker_Unitree_Majoco/go2_ws/install/movement/share/movement/local_setup.bash
[20.305s] -- Up-to-date: /home/borong/Docker_Unitree_Majoco/go2_ws/install/movement/share/movement/local_setup.sh
[20.306s] -- Up-to-date: /home/borong/Docker_Unitree_Majoco/go2_ws/install/movement/share/movement/local_setup.zsh
[20.306s] -- Up-to-date: /home/borong/Docker_Unitree_Majoco/go2_ws/install/movement/share/movement/local_setup.dsv
[20.307s] -- Up-to-date: /home/borong/Docker_Unitree_Majoco/go2_ws/install/movement/share/movement/package.dsv
[20.307s] -- Up-to-date: /home/borong/Docker_Unitree_Majoco/go2_ws/install/movement/share/ament_index/resource_index/packages/movement
[20.307s] -- Up-to-date: /home/borong/Docker_Unitree_Majoco/go2_ws/install/movement/share/movement/cmake/movementConfig.cmake
[20.308s] -- Up-to-date: /home/borong/Docker_Unitree_Majoco/go2_ws/install/movement/share/movement/cmake/movementConfig-version.cmake
[20.308s] -- Up-to-date: /home/borong/Docker_Unitree_Majoco/go2_ws/install/movement/share/movement/package.xml
[20.323s] Invoked command in '/home/borong/Docker_Unitree_Majoco/go2_ws/build/movement' returned '0': CMAKE_PREFIX_PATH=${CMAKE_PREFIX_PATH}:/opt/ros/foxy /usr/bin/cmake --install /home/borong/Docker_Unitree_Majoco/go2_ws/build/movement
