[0.027s] Invoking command in '/ws/go2_ws/src/build/movement': CMAKE_PREFIX_PATH=${CMAKE_PREFIX_PATH}:/opt/ros/foxy /usr/bin/cmake --build /ws/go2_ws/src/build/movement -- -j8 -l8
[0.087s] -- Found ament_cmake: 0.9.12 (/opt/ros/foxy/share/ament_cmake/cmake)
[0.109s] -- Using PYTHON_EXECUTABLE: /usr/bin/python3
[0.215s] -- Found unitree_go: 0.0.0 (/root/unitree_ros2/cyclonedds_ws/install/unitree_go/share/unitree_go/cmake)
[0.225s] -- Using all available rosidl_typesupport_c: rosidl_typesupport_fastrtps_c;rosidl_typesupport_introspection_c
[0.225s] -- Found rosidl_adapter: 1.3.1 (/opt/ros/foxy/share/rosidl_adapter/cmake)
[0.293s] -- Using all available rosidl_typesupport_cpp: rosidl_typesupport_fastrtps_cpp;rosidl_typesupport_introspection_cpp
[0.374s] -- Found unitree_api: 0.0.0 (/root/unitree_ros2/cyclonedds_ws/install/unitree_api/share/unitree_api/cmake)
[0.408s] -- Found rclcpp: 2.4.3 (/opt/ros/foxy/share/rclcpp/cmake)
[0.427s] -- Found rmw_implementation_cmake: 1.0.4 (/opt/ros/foxy/share/rmw_implementation_cmake/cmake)
[0.427s] -- Using RMW implementation 'rmw_cyclonedds_cpp' as default
[0.500s] -- Found sensor_msgs: 2.0.5 (/opt/ros/foxy/share/sensor_msgs/cmake)
[0.600s] -- Configuring done
[0.656s] -- Generating done
[0.667s] -- Build files have been written to: /ws/go2_ws/src/build/movement
[0.723s] [ 22%] [32m[1mLinking CXX executable back_and_forth[0m
[0.724s] [ 22%] [32m[1mLinking CXX executable keyboard_control[0m
[0.727s] [ 33%] [32m[1mLinking CXX executable gamepad_controller[0m
[1.242s] [ 55%] Built target keyboard_control
[1.245s] [ 77%] Built target back_and_forth
[1.274s] [100%] Built target gamepad_controller
[1.282s] Invoked command in '/ws/go2_ws/src/build/movement' returned '0': CMAKE_PREFIX_PATH=${CMAKE_PREFIX_PATH}:/opt/ros/foxy /usr/bin/cmake --build /ws/go2_ws/src/build/movement -- -j8 -l8
[1.315s] Invoking command in '/ws/go2_ws/src/build/movement': CMAKE_PREFIX_PATH=${CMAKE_PREFIX_PATH}:/opt/ros/foxy /usr/bin/cmake --install /ws/go2_ws/src/build/movement
[1.320s] -- Install configuration: ""
[1.322s] -- Installing: /ws/go2_ws/src/install/movement/lib/movement/back_and_forth
[1.348s] -- Set runtime path of "/ws/go2_ws/src/install/movement/lib/movement/back_and_forth" to ""
[1.351s] -- Installing: /ws/go2_ws/src/install/movement/lib/movement/keyboard_control
[1.382s] -- Set runtime path of "/ws/go2_ws/src/install/movement/lib/movement/keyboard_control" to ""
[1.383s] -- Installing: /ws/go2_ws/src/install/movement/lib/movement/gamepad_controller
[1.427s] -- Set runtime path of "/ws/go2_ws/src/install/movement/lib/movement/gamepad_controller" to ""
[1.428s] -- Installing: /ws/go2_ws/src/install/movement/share/ament_index/resource_index/package_run_dependencies/movement
[1.429s] -- Up-to-date: /ws/go2_ws/src/install/movement/share/ament_index/resource_index/parent_prefix_path/movement
[1.429s] -- Up-to-date: /ws/go2_ws/src/install/movement/share/movement/environment/ament_prefix_path.sh
[1.433s] -- Installing: /ws/go2_ws/src/install/movement/share/movement/environment/ament_prefix_path.dsv
[1.436s] -- Up-to-date: /ws/go2_ws/src/install/movement/share/movement/environment/path.sh
[1.436s] -- Installing: /ws/go2_ws/src/install/movement/share/movement/environment/path.dsv
[1.439s] -- Up-to-date: /ws/go2_ws/src/install/movement/share/movement/local_setup.bash
[1.439s] -- Up-to-date: /ws/go2_ws/src/install/movement/share/movement/local_setup.sh
[1.439s] -- Up-to-date: /ws/go2_ws/src/install/movement/share/movement/local_setup.zsh
[1.440s] -- Installing: /ws/go2_ws/src/install/movement/share/movement/local_setup.dsv
[1.442s] -- Installing: /ws/go2_ws/src/install/movement/share/movement/package.dsv
[1.445s] -- Up-to-date: /ws/go2_ws/src/install/movement/share/ament_index/resource_index/packages/movement
[1.446s] -- Up-to-date: /ws/go2_ws/src/install/movement/share/movement/cmake/movementConfig.cmake
[1.446s] -- Up-to-date: /ws/go2_ws/src/install/movement/share/movement/cmake/movementConfig-version.cmake
[1.447s] -- Installing: /ws/go2_ws/src/install/movement/share/movement/package.xml
[1.454s] Invoked command in '/ws/go2_ws/src/build/movement' returned '0': CMAKE_PREFIX_PATH=${CMAKE_PREFIX_PATH}:/opt/ros/foxy /usr/bin/cmake --install /ws/go2_ws/src/build/movement
