[01m[K/ws/go2_ws/src/movement/src/gamepad_controller.cpp:11:1:[m[K [01;31m[Kerror: [m[K‘[01m[KGamepadControl[m[K’ does not name a type
   11 | [01;31m[KGamepadControl[m[K::GamepadControl() : Node("gamepad_controller"){
      | [01;31m[K^~~~~~~~~~~~~~[m[K
[01m[K/ws/go2_ws/src/movement/src/gamepad_controller.cpp:20:6:[m[K [01;31m[Kerror: [m[K‘[01m[KGamepadControl[m[K’ has not been declared
   20 | void [01;31m[KGamepadControl[m[K::timerCallback()
      |      [01;31m[K^~~~~~~~~~~~~~[m[K
[01m[K/ws/go2_ws/src/movement/src/gamepad_controller.cpp:[m[K In function ‘[01m[Kvoid timerCallback()[m[K’:
[01m[K/ws/go2_ws/src/movement/src/gamepad_controller.cpp:22:5:[m[K [01;31m[Kerror: [m[K‘[01m[KGamepadInput[m[K’ was not declared in this scope
   22 |     [01;31m[KGamepadInput[m[K input;
      |     [01;31m[K^~~~~~~~~~~~[m[K
[01m[K/ws/go2_ws/src/movement/src/gamepad_controller.cpp:24:5:[m[K [01;31m[Kerror: [m[K‘[01m[Kinput[m[K’ was not declared in this scope
   24 |     [01;31m[Kinput[m[K = getGamepadInput();
      |     [01;31m[K^~~~~[m[K
[01m[K/ws/go2_ws/src/movement/src/gamepad_controller.cpp:24:13:[m[K [01;31m[Kerror: [m[K‘[01m[KgetGamepadInput[m[K’ was not declared in this scope
   24 |     input = [01;31m[KgetGamepadInput[m[K();
      |             [01;31m[K^~~~~~~~~~~~~~~[m[K
In file included from [01m[K/opt/ros/foxy/include/rclcpp/service.hpp:34[m[K,
                 from [01m[K/opt/ros/foxy/include/rclcpp/callback_group.hpp:25[m[K,
                 from [01m[K/opt/ros/foxy/include/rclcpp/any_executable.hpp:20[m[K,
                 from [01m[K/opt/ros/foxy/include/rclcpp/memory_strategy.hpp:24[m[K,
                 from [01m[K/opt/ros/foxy/include/rclcpp/memory_strategies.hpp:18[m[K,
                 from [01m[K/opt/ros/foxy/include/rclcpp/executor_options.hpp:20[m[K,
                 from [01m[K/opt/ros/foxy/include/rclcpp/executor.hpp:33[m[K,
                 from [01m[K/opt/ros/foxy/include/rclcpp/executors/multi_threaded_executor.hpp:26[m[K,
                 from [01m[K/opt/ros/foxy/include/rclcpp/executors.hpp:21[m[K,
                 from [01m[K/opt/ros/foxy/include/rclcpp/rclcpp.hpp:146[m[K,
                 from [01m[K/ws/go2_ws/src/movement/src/gamepad_controller.cpp:5[m[K:
[01m[K/ws/go2_ws/src/movement/src/gamepad_controller.cpp:29:17:[m[K [01;31m[Kerror: [m[Kinvalid use of ‘[01m[Kthis[m[K’ in non-member function
   29 |     RCLCPP_INFO([01;31m[Kthis[m[K->get_logger(), "Gamepad input: %f, %f, %f", vx, vy, vyaw);
      |                 [01;31m[K^~~~[m[K
[01m[K/ws/go2_ws/src/movement/src/gamepad_controller.cpp:29:17:[m[K [01;31m[Kerror: [m[Kinvalid use of ‘[01m[Kthis[m[K’ in non-member function
[01m[K/ws/go2_ws/src/movement/src/gamepad_controller.cpp:29:5:[m[K [01;31m[Kerror: [m[Ktemplate argument 1 is invalid
   29 |     [01;31m[KRCLCPP_INFO[m[K(this->get_logger(), "Gamepad input: %f, %f, %f", vx, vy, vyaw);
      |     [01;31m[K^~~~~~~~~~~[m[K
[01m[K/ws/go2_ws/src/movement/src/gamepad_controller.cpp:29:5:[m[K [01;31m[Kerror: [m[Ktemplate argument 1 is invalid
   29 |     [01;31m[KRCLCPP_INFO[m[K(this->get_logger(), "Gamepad input: %f, %f, %f", vx, vy, vyaw);
      |     [01;31m[K^~~~~~~~~~~[m[K
[01m[K/ws/go2_ws/src/movement/src/gamepad_controller.cpp:29:5:[m[K [01;31m[Kerror: [m[Ktemplate argument 1 is invalid
   29 |     [01;31m[KRCLCPP_INFO[m[K(this->get_logger(), "Gamepad input: %f, %f, %f", vx, vy, vyaw);
      |     [01;31m[K^~~~~~~~~~~[m[K
In file included from [01m[K/opt/ros/foxy/include/rclcpp/client.hpp:40[m[K,
                 from [01m[K/opt/ros/foxy/include/rclcpp/callback_group.hpp:23[m[K,
                 from [01m[K/opt/ros/foxy/include/rclcpp/any_executable.hpp:20[m[K,
                 from [01m[K/opt/ros/foxy/include/rclcpp/memory_strategy.hpp:24[m[K,
                 from [01m[K/opt/ros/foxy/include/rclcpp/memory_strategies.hpp:18[m[K,
                 from [01m[K/opt/ros/foxy/include/rclcpp/executor_options.hpp:20[m[K,
                 from [01m[K/opt/ros/foxy/include/rclcpp/executor.hpp:33[m[K,
                 from [01m[K/opt/ros/foxy/include/rclcpp/executors/multi_threaded_executor.hpp:26[m[K,
                 from [01m[K/opt/ros/foxy/include/rclcpp/executors.hpp:21[m[K,
                 from [01m[K/opt/ros/foxy/include/rclcpp/rclcpp.hpp:146[m[K,
                 from [01m[K/ws/go2_ws/src/movement/src/gamepad_controller.cpp:5[m[K:
[01m[K/ws/go2_ws/src/movement/src/gamepad_controller.cpp:29:17:[m[K [01;31m[Kerror: [m[Kinvalid use of ‘[01m[Kthis[m[K’ in non-member function
   29 |     RCLCPP_INFO([01;31m[Kthis[m[K->get_logger(), "Gamepad input: %f, %f, %f", vx, vy, vyaw);
      |                 [01;31m[K^~~~[m[K
[01m[K/ws/go2_ws/src/movement/src/gamepad_controller.cpp:29:17:[m[K [01;31m[Kerror: [m[Kinvalid use of ‘[01m[Kthis[m[K’ in non-member function
   29 |     RCLCPP_INFO([01;31m[Kthis[m[K->get_logger(), "Gamepad input: %f, %f, %f", vx, vy, vyaw);
      |                 [01;31m[K^~~~[m[K
[01m[K/ws/go2_ws/src/movement/src/gamepad_controller.cpp:30:5:[m[K [01;31m[Kerror: [m[K‘[01m[KsportClient_[m[K’ was not declared in this scope; did you mean ‘[01m[KSportClient[m[K’?
   30 |     [01;31m[KsportClient_[m[K.Move(reqMsg_, vx, vy, vyaw);
      |     [01;31m[K^~~~~~~~~~~~[m[K
      |     [32m[KSportClient[m[K
[01m[K/ws/go2_ws/src/movement/src/gamepad_controller.cpp:30:23:[m[K [01;31m[Kerror: [m[K‘[01m[KreqMsg_[m[K’ was not declared in this scope
   30 |     sportClient_.Move([01;31m[KreqMsg_[m[K, vx, vy, vyaw);
      |                       [01;31m[K^~~~~~~[m[K
[01m[K/ws/go2_ws/src/movement/src/gamepad_controller.cpp:31:5:[m[K [01;31m[Kerror: [m[K‘[01m[KreqPuber_[m[K’ was not declared in this scope
   31 |     [01;31m[KreqPuber_[m[K->publish(reqMsg_);
      |     [01;31m[K^~~~~~~~~[m[K
[01m[K/ws/go2_ws/src/movement/src/gamepad_controller.cpp:[m[K At global scope:
[01m[K/ws/go2_ws/src/movement/src/gamepad_controller.cpp:34:6:[m[K [01;31m[Kerror: [m[K‘[01m[KGamepadControl[m[K’ has not been declared
   34 | void [01;31m[KGamepadControl[m[K::getGamepadInput(GamepadInput &input)
      |      [01;31m[K^~~~~~~~~~~~~~[m[K
[01m[K/ws/go2_ws/src/movement/src/gamepad_controller.cpp:34:38:[m[K [01;31m[Kerror: [m[Kvariable or field ‘[01m[KgetGamepadInput[m[K’ declared void
   34 | amepadControl::getGamepadInput([01;31m[KGamepadInput[m[K &input)
      |                                [01;31m[K^~~~~~~~~~~~[m[K

[01m[K/ws/go2_ws/src/movement/src/gamepad_controller.cpp:34:38:[m[K [01;31m[Kerror: [m[K‘[01m[KGamepadInput[m[K’ was not declared in this scope
[01m[K/ws/go2_ws/src/movement/src/gamepad_controller.cpp:34:52:[m[K [01;31m[Kerror: [m[K‘[01m[Kinput[m[K’ was not declared in this scope
   34 | :getGamepadInput(GamepadInput &[01;31m[Kinput[m[K)
      |                                [01;31m[K^~~~~[m[K

[01m[K/ws/go2_ws/src/movement/src/gamepad_controller.cpp:40:6:[m[K [01;31m[Kerror: [m[K‘[01m[KGamepadControl[m[K’ has not been declared
   40 | void [01;31m[KGamepadControl[m[K::stateCallback(unitree_go::msg::SportModeState::SharedPtr data)
      |      [01;31m[K^~~~~~~~~~~~~~[m[K
[01m[K/ws/go2_ws/src/movement/src/gamepad_controller.cpp:[m[K In function ‘[01m[Kvoid stateCallback(unitree_go::msg::SportModeState_<std::allocator<void> >::SharedPtr)[m[K’:
[01m[K/ws/go2_ws/src/movement/src/gamepad_controller.cpp:43:5:[m[K [01;31m[Kerror: [m[K‘[01m[KcurrentX_[m[K’ was not declared in this scope
   43 |     [01;31m[KcurrentX_[m[K = data->position[0];
      |     [01;31m[K^~~~~~~~~[m[K
[01m[K/ws/go2_ws/src/movement/src/gamepad_controller.cpp:44:5:[m[K [01;31m[Kerror: [m[K‘[01m[KcurrentY_[m[K’ was not declared in this scope
   44 |     [01;31m[KcurrentY_[m[K = data->position[1];
      |     [01;31m[K^~~~~~~~~[m[K
[01m[K/ws/go2_ws/src/movement/src/gamepad_controller.cpp:45:5:[m[K [01;31m[Kerror: [m[K‘[01m[KcurrentYaw_[m[K’ was not declared in this scope
   45 |     [01;31m[KcurrentYaw_[m[K = data->imu_state.rpy[2];
      |     [01;31m[K^~~~~~~~~~~[m[K
In file included from [01m[K/opt/ros/foxy/include/rclcpp/service.hpp:34[m[K,
                 from [01m[K/opt/ros/foxy/include/rclcpp/callback_group.hpp:25[m[K,
                 from [01m[K/opt/ros/foxy/include/rclcpp/any_executable.hpp:20[m[K,
                 from [01m[K/opt/ros/foxy/include/rclcpp/memory_strategy.hpp:24[m[K,
                 from [01m[K/opt/ros/foxy/include/rclcpp/memory_strategies.hpp:18[m[K,
                 from [01m[K/opt/ros/foxy/include/rclcpp/executor_options.hpp:20[m[K,
                 from [01m[K/opt/ros/foxy/include/rclcpp/executor.hpp:33[m[K,
                 from [01m[K/opt/ros/foxy/include/rclcpp/executors/multi_threaded_executor.hpp:26[m[K,
                 from [01m[K/opt/ros/foxy/include/rclcpp/executors.hpp:21[m[K,
                 from [01m[K/opt/ros/foxy/include/rclcpp/rclcpp.hpp:146[m[K,
                 from [01m[K/ws/go2_ws/src/movement/src/gamepad_controller.cpp:5[m[K:
[01m[K/ws/go2_ws/src/movement/src/gamepad_controller.cpp:46:17:[m[K [01;31m[Kerror: [m[K‘[01m[Kget_logger[m[K’ was not declared in this scope; did you mean ‘[01m[Krclcpp::get_logger[m[K’?
   46 |     RCLCPP_INFO([01;31m[Kget_logger[m[K(), "Current position: %f, %f, %f", currentX_, currentY_, currentYaw_);
      |                 [01;31m[K^~~~~~~~~~[m[K
In file included from [01m[K/opt/ros/foxy/include/rclcpp/logging.hpp:23[m[K,
                 from [01m[K/opt/ros/foxy/include/rclcpp/service.hpp:34[m[K,
                 from [01m[K/opt/ros/foxy/include/rclcpp/callback_group.hpp:25[m[K,
                 from [01m[K/opt/ros/foxy/include/rclcpp/any_executable.hpp:20[m[K,
                 from [01m[K/opt/ros/foxy/include/rclcpp/memory_strategy.hpp:24[m[K,
                 from [01m[K/opt/ros/foxy/include/rclcpp/memory_strategies.hpp:18[m[K,
                 from [01m[K/opt/ros/foxy/include/rclcpp/executor_options.hpp:20[m[K,
                 from [01m[K/opt/ros/foxy/include/rclcpp/executor.hpp:33[m[K,
                 from [01m[K/opt/ros/foxy/include/rclcpp/executors/multi_threaded_executor.hpp:26[m[K,
                 from [01m[K/opt/ros/foxy/include/rclcpp/executors.hpp:21[m[K,
                 from [01m[K/opt/ros/foxy/include/rclcpp/rclcpp.hpp:146[m[K,
                 from [01m[K/ws/go2_ws/src/movement/src/gamepad_controller.cpp:5[m[K:
[01m[K/opt/ros/foxy/include/rclcpp/logger.hpp:80:17:[m[K [01;36m[Knote: [m[K‘[01m[Krclcpp::get_logger[m[K’ declared here
   80 |   friend Logger [01;36m[Krclcpp[m[K::get_logger(const std::string & name);
      |                 [01;36m[K^~~~~~[m[K
In file included from [01m[K/opt/ros/foxy/include/rclcpp/service.hpp:34[m[K,
                 from [01m[K/opt/ros/foxy/include/rclcpp/callback_group.hpp:25[m[K,
                 from [01m[K/opt/ros/foxy/include/rclcpp/any_executable.hpp:20[m[K,
                 from [01m[K/opt/ros/foxy/include/rclcpp/memory_strategy.hpp:24[m[K,
                 from [01m[K/opt/ros/foxy/include/rclcpp/memory_strategies.hpp:18[m[K,
                 from [01m[K/opt/ros/foxy/include/rclcpp/executor_options.hpp:20[m[K,
                 from [01m[K/opt/ros/foxy/include/rclcpp/executor.hpp:33[m[K,
                 from [01m[K/opt/ros/foxy/include/rclcpp/executors/multi_threaded_executor.hpp:26[m[K,
                 from [01m[K/opt/ros/foxy/include/rclcpp/executors.hpp:21[m[K,
                 from [01m[K/opt/ros/foxy/include/rclcpp/rclcpp.hpp:146[m[K,
                 from [01m[K/ws/go2_ws/src/movement/src/gamepad_controller.cpp:5[m[K:
[01m[K/ws/go2_ws/src/movement/src/gamepad_controller.cpp:46:5:[m[K [01;31m[Kerror: [m[Ktemplate argument 1 is invalid
   46 |     [01;31m[KRCLCPP_INFO[m[K(get_logger(), "Current position: %f, %f, %f", currentX_, currentY_, currentYaw_);
      |     [01;31m[K^~~~~~~~~~~[m[K
[01m[K/ws/go2_ws/src/movement/src/gamepad_controller.cpp:46:5:[m[K [01;31m[Kerror: [m[Ktemplate argument 1 is invalid
   46 |     [01;31m[KRCLCPP_INFO[m[K(get_logger(), "Current position: %f, %f, %f", currentX_, currentY_, currentYaw_);
      |     [01;31m[K^~~~~~~~~~~[m[K
[01m[K/ws/go2_ws/src/movement/src/gamepad_controller.cpp:46:5:[m[K [01;31m[Kerror: [m[Ktemplate argument 1 is invalid
   46 |     [01;31m[KRCLCPP_INFO[m[K(get_logger(), "Current position: %f, %f, %f", currentX_, currentY_, currentYaw_);
      |     [01;31m[K^~~~~~~~~~~[m[K
[01m[K/ws/go2_ws/src/movement/src/gamepad_controller.cpp:[m[K In function ‘[01m[Kint main(int, char**)[m[K’:
[01m[K/ws/go2_ws/src/movement/src/gamepad_controller.cpp:52:35:[m[K [01;31m[Kerror: [m[K‘[01m[KGamepadControl[m[K’ was not declared in this scope
   52 |  rclcpp::spin(std::make_shared<[01;31m[KGamepadControl[m[K>());
      |                                [01;31m[K^~~~~~~~~~~~~~[m[K

[01m[K/ws/go2_ws/src/movement/src/gamepad_controller.cpp:52:51:[m[K [01;31m[Kerror: [m[Kno matching function for call to ‘[01m[Kmake_shared<<expression error> >()[m[K’
   52 | d::make_shared<GamepadControl>([01;31m[K)[m[K);
      |                                [01;31m[K^[m[K

In file included from [01m[K/usr/include/c++/9/memory:81[m[K,
                 from [01m[K/opt/ros/foxy/include/rclcpp/rclcpp.hpp:144[m[K,
                 from [01m[K/ws/go2_ws/src/movement/src/gamepad_controller.cpp:5[m[K:
[01m[K/usr/include/c++/9/bits/shared_ptr.h:714:5:[m[K [01;36m[Knote: [m[Kcandidate: ‘[01m[Ktemplate<class _Tp, class ... _Args> std::shared_ptr<_Tp> std::make_shared(_Args&& ...)[m[K’
  714 |     [01;36m[Kmake_shared[m[K(_Args&&... __args)
      |     [01;36m[K^~~~~~~~~~~[m[K
[01m[K/usr/include/c++/9/bits/shared_ptr.h:714:5:[m[K [01;36m[Knote: [m[K  template argument deduction/substitution failed:
[01m[K/ws/go2_ws/src/movement/src/gamepad_controller.cpp:52:51:[m[K [01;31m[Kerror: [m[Ktemplate argument 1 is invalid
   52 | d::make_shared<GamepadControl>([01;31m[K)[m[K);
      |                                [01;31m[K^[m[K

make[2]: *** [CMakeFiles/gamepad_controller.dir/build.make:63: CMakeFiles/gamepad_controller.dir/src/gamepad_controller.cpp.o] Error 1
make[1]: *** [CMakeFiles/Makefile2:82: CMakeFiles/gamepad_controller.dir/all] Error 2
make: *** [Makefile:141: all] Error 2
