[0.017s] Invoking command in '/ws/go2_ws/src/build/movement': CMAKE_PREFIX_PATH=${CMAKE_PREFIX_PATH}:/opt/ros/foxy /usr/bin/cmake --build /ws/go2_ws/src/build/movement -- -j8 -l8
[0.054s] -- Found ament_cmake: 0.9.12 (/opt/ros/foxy/share/ament_cmake/cmake)
[0.067s] -- Using PYTHON_EXECUTABLE: /usr/bin/python3
[0.157s] -- Found unitree_go: 0.0.0 (/root/unitree_ros2/cyclonedds_ws/install/unitree_go/share/unitree_go/cmake)
[0.176s] -- Using all available rosidl_typesupport_c: rosidl_typesupport_fastrtps_c;rosidl_typesupport_introspection_c
[0.178s] -- Found rosidl_adapter: 1.3.1 (/opt/ros/foxy/share/rosidl_adapter/cmake)
[0.260s] -- Using all available rosidl_typesupport_cpp: rosidl_typesupport_fastrtps_cpp;rosidl_typesupport_introspection_cpp
[0.340s] -- Found unitree_api: 0.0.0 (/root/unitree_ros2/cyclonedds_ws/install/unitree_api/share/unitree_api/cmake)
[0.375s] -- Found rclcpp: 2.4.3 (/opt/ros/foxy/share/rclcpp/cmake)
[0.394s] -- Found rmw_implementation_cmake: 1.0.4 (/opt/ros/foxy/share/rmw_implementation_cmake/cmake)
[0.394s] -- Using RMW implementation 'rmw_cyclonedds_cpp' as default
[0.528s] -- Configuring done
[0.587s] -- Generating done
[0.598s] -- Build files have been written to: /ws/go2_ws/src/build/movement
[0.631s] [35m[1mScanning dependencies of target gamepad_controller[0m
[0.652s] [ 66%] Built target keyboard_control
[0.653s] [ 66%] Built target back_and_forth
[0.903s] [ 77%] [32mBuilding CXX object CMakeFiles/gamepad_controller.dir/src/gamepad_controller.cpp.o[0m
[5.275s] [ 88%] [32m[1mLinking CXX executable gamepad_controller[0m
[5.545s] /usr/bin/ld: CMakeFiles/gamepad_controller.dir/src/gamepad_controller.cpp.o: in function `rclcpp::create_subscription_factory<sensor_msgs::msg::Joy_<std::allocator<void> >, std::_Bind<void (GamepadControl::*(GamepadControl*, std::_Placeholder<1>))(std::shared_ptr<sensor_msgs::msg::Joy_<std::allocator<void> > >)>, std::allocator<void>, sensor_msgs::msg::Joy_<std::allocator<void> >, rclcpp::Subscription<sensor_msgs::msg::Joy_<std::allocator<void> >, std::allocator<void>, rclcpp::message_memory_strategy::MessageMemoryStrategy<sensor_msgs::msg::Joy_<std::allocator<void> >, std::allocator<void> > >, rclcpp::message_memory_strategy::MessageMemoryStrategy<sensor_msgs::msg::Joy_<std::allocator<void> >, std::allocator<void> > >(std::_Bind<void (GamepadControl::*(GamepadControl*, std::_Placeholder<1>))(std::shared_ptr<sensor_msgs::msg::Joy_<std::allocator<void> > >)>&&, rclcpp::SubscriptionOptionsWithAllocator<std::allocator<void> > const&, rclcpp::message_memory_strategy::MessageMemoryStrategy<sensor_msgs::msg::Joy_<std::allocator<void> >, std::allocator<void> >::SharedPtr, std::shared_ptr<rclcpp::topic_statistics::SubscriptionTopicStatistics<sensor_msgs::msg::Joy_<std::allocator<void> > > >)::{lambda(rclcpp::node_interfaces::NodeBaseInterface*, std::__cxx11::basic_string<char, std::char_traits<char>, std::allocator<char> > const&, rclcpp::QoS const&)#1}::operator()(rclcpp::node_interfaces::NodeBaseInterface*, std::__cxx11::basic_string<char, std::char_traits<char>, std::allocator<char> > const&, rclcpp::QoS const&) const':
[5.545s] gamepad_controller.cpp:(.text._ZZN6rclcpp27create_subscription_factoryIN11sensor_msgs3msg4Joy_ISaIvEEESt5_BindIFM14GamepadControlFvSt10shared_ptrIS5_EEPS7_St12_PlaceholderILi1EEEES4_S5_NS_12SubscriptionIS5_S4_NS_23message_memory_strategy21MessageMemoryStrategyIS5_S4_EEEESK_EENS_19SubscriptionFactoryEOT0_RKNS_32SubscriptionOptionsWithAllocatorIT1_EENT4_9SharedPtrES8_INS_16topic_statistics27SubscriptionTopicStatisticsIT2_EEEENKUlPNS_15node_interfaces17NodeBaseInterfaceERKNSt7__cxx1112basic_stringIcSt11char_traitsIcESaIcEEERKNS_3QoSEE_clES13_S1B_S1E_[_ZZN6rclcpp27create_subscription_factoryIN11sensor_msgs3msg4Joy_ISaIvEEESt5_BindIFM14GamepadControlFvSt10shared_ptrIS5_EEPS7_St12_PlaceholderILi1EEEES4_S5_NS_12SubscriptionIS5_S4_NS_23message_memory_strategy21MessageMemoryStrategyIS5_S4_EEEESK_EENS_19SubscriptionFactoryEOT0_RKNS_32SubscriptionOptionsWithAllocatorIT1_EENT4_9SharedPtrES8_INS_16topic_statistics27SubscriptionTopicStatisticsIT2_EEEENKUlPNS_15node_interfaces17NodeBaseInterfaceERKNSt7__cxx1112basic_stringIcSt11char_traitsIcESaIcEEERKNS_3QoSEE_clES13_S1B_S1E_]+0x34): undefined reference to `rosidl_message_type_support_t const* rosidl_typesupport_cpp::get_message_type_support_handle<sensor_msgs::msg::Joy_<std::allocator<void> > >()'
[5.545s] collect2: error: ld returned 1 exit status
[5.546s] make[2]: *** [CMakeFiles/gamepad_controller.dir/build.make:161: gamepad_controller] Error 1
[5.546s] make[1]: *** [CMakeFiles/Makefile2:82: CMakeFiles/gamepad_controller.dir/all] Error 2
[5.546s] make: *** [Makefile:141: all] Error 2
[5.560s] Invoked command in '/ws/go2_ws/src/build/movement' returned '2': CMAKE_PREFIX_PATH=${CMAKE_PREFIX_PATH}:/opt/ros/foxy /usr/bin/cmake --build /ws/go2_ws/src/build/movement -- -j8 -l8
