[0.030s] Invoking command in '/ws/go2_ws/src/build/movement': CMAKE_PREFIX_PATH=${CMAKE_PREFIX_PATH}:/opt/ros/foxy /usr/bin/cmake --build /ws/go2_ws/src/build/movement -- -j8 -l8
[0.227s] -- Found ament_cmake: 0.9.12 (/opt/ros/foxy/share/ament_cmake/cmake)
[0.283s] -- Using PYTHON_EXECUTABLE: /usr/bin/python3
[0.371s] -- Found unitree_go: 0.0.0 (/root/unitree_ros2/cyclonedds_ws/install/unitree_go/share/unitree_go/cmake)
[0.390s] -- Using all available rosidl_typesupport_c: rosidl_typesupport_fastrtps_c;rosidl_typesupport_introspection_c
[0.390s] -- Found rosidl_adapter: 1.3.1 (/opt/ros/foxy/share/rosidl_adapter/cmake)
[0.464s] -- Using all available rosidl_typesupport_cpp: rosidl_typesupport_fastrtps_cpp;rosidl_typesupport_introspection_cpp
[0.561s] -- Found unitree_api: 0.0.0 (/root/unitree_ros2/cyclonedds_ws/install/unitree_api/share/unitree_api/cmake)
[0.598s] -- Found rclcpp: 2.4.3 (/opt/ros/foxy/share/rclcpp/cmake)
[0.626s] -- Found rmw_implementation_cmake: 1.0.4 (/opt/ros/foxy/share/rmw_implementation_cmake/cmake)
[0.627s] -- Using RMW implementation 'rmw_cyclonedds_cpp' as default
[0.784s] -- Configuring done
[0.852s] -- Generating done
[0.865s] -- Build files have been written to: /ws/go2_ws/src/build/movement
[0.922s] [35m[1mScanning dependencies of target gamepad_controller[0m
[0.965s] [ 66%] Built target back_and_forth
[0.965s] [ 66%] Built target keyboard_control
[1.226s] [ 88%] [32mBuilding CXX object CMakeFiles/gamepad_controller.dir/src/gamepad_controller.cpp.o[0m
[1.226s] [ 88%] [32mBuilding CXX object CMakeFiles/gamepad_controller.dir/src/common/ros2_sport_client.cpp.o[0m
[1.800s] [01m[K/ws/go2_ws/src/movement/src/gamepad_controller.cpp:9:10:[m[K [01;31m[Kfatal error: [m[Kgamepad_controller.h: No such file or directory
[1.800s]     9 | #include [01;31m[K"gamepad_controller.h"[m[K
[1.801s]       |          [01;31m[K^~~~~~~~~~~~~~~~~~~~~~[m[K
[1.801s] compilation terminated.
[1.801s] make[2]: *** [CMakeFiles/gamepad_controller.dir/build.make:63: CMakeFiles/gamepad_controller.dir/src/gamepad_controller.cpp.o] Error 1
[1.801s] make[2]: *** Waiting for unfinished jobs....
[4.158s] make[1]: *** [CMakeFiles/Makefile2:82: CMakeFiles/gamepad_controller.dir/all] Error 2
[4.159s] make: *** [Makefile:141: all] Error 2
[4.175s] Invoked command in '/ws/go2_ws/src/build/movement' returned '2': CMAKE_PREFIX_PATH=${CMAKE_PREFIX_PATH}:/opt/ros/foxy /usr/bin/cmake --build /ws/go2_ws/src/build/movement -- -j8 -l8
