[0.032s] Invoking command in '/ws/go2_ws/src/build/movement': CMAKE_PREFIX_PATH=${CMAKE_PREFIX_PATH}:/opt/ros/foxy /usr/bin/cmake --build /ws/go2_ws/src/build/movement -- -j8 -l8
[0.152s] -- Found ament_cmake: 0.9.12 (/opt/ros/foxy/share/ament_cmake/cmake)
[0.187s] -- Using PYTHON_EXECUTABLE: /usr/bin/python3
[0.292s] -- Found unitree_go: 0.0.0 (/root/unitree_ros2/cyclonedds_ws/install/unitree_go/share/unitree_go/cmake)
[0.309s] -- Using all available rosidl_typesupport_c: rosidl_typesupport_fastrtps_c;rosidl_typesupport_introspection_c
[0.314s] -- Found rosidl_adapter: 1.3.1 (/opt/ros/foxy/share/rosidl_adapter/cmake)
[0.387s] -- Using all available rosidl_typesupport_cpp: rosidl_typesupport_fastrtps_cpp;rosidl_typesupport_introspection_cpp
[0.481s] -- Found unitree_api: 0.0.0 (/root/unitree_ros2/cyclonedds_ws/install/unitree_api/share/unitree_api/cmake)
[0.518s] -- Found rclcpp: 2.4.3 (/opt/ros/foxy/share/rclcpp/cmake)
[0.543s] -- Found rmw_implementation_cmake: 1.0.4 (/opt/ros/foxy/share/rmw_implementation_cmake/cmake)
[0.544s] -- Using RMW implementation 'rmw_cyclonedds_cpp' as default
[0.686s] -- Configuring done
[0.744s] -- Generating done
[0.758s] -- Build files have been written to: /ws/go2_ws/src/build/movement
[0.842s] [100%] Built target back_and_forth
[0.842s] [100%] Built target keyboard_control
[0.851s] Invoked command in '/ws/go2_ws/src/build/movement' returned '0': CMAKE_PREFIX_PATH=${CMAKE_PREFIX_PATH}:/opt/ros/foxy /usr/bin/cmake --build /ws/go2_ws/src/build/movement -- -j8 -l8
[0.885s] Invoking command in '/ws/go2_ws/src/build/movement': CMAKE_PREFIX_PATH=${CMAKE_PREFIX_PATH}:/opt/ros/foxy /usr/bin/cmake --install /ws/go2_ws/src/build/movement
[0.892s] -- Install configuration: ""
[0.894s] -- Up-to-date: /ws/go2_ws/src/install/movement/lib/movement/back_and_forth
[0.897s] -- Up-to-date: /ws/go2_ws/src/install/movement/lib/movement/keyboard_control
[0.898s] -- Up-to-date: /ws/go2_ws/src/install/movement/share/ament_index/resource_index/package_run_dependencies/movement
[0.898s] -- Up-to-date: /ws/go2_ws/src/install/movement/share/ament_index/resource_index/parent_prefix_path/movement
[0.899s] -- Up-to-date: /ws/go2_ws/src/install/movement/share/movement/environment/ament_prefix_path.sh
[0.901s] -- Installing: /ws/go2_ws/src/install/movement/share/movement/environment/ament_prefix_path.dsv
[0.903s] -- Up-to-date: /ws/go2_ws/src/install/movement/share/movement/environment/path.sh
[0.904s] -- Installing: /ws/go2_ws/src/install/movement/share/movement/environment/path.dsv
[0.906s] -- Up-to-date: /ws/go2_ws/src/install/movement/share/movement/local_setup.bash
[0.906s] -- Up-to-date: /ws/go2_ws/src/install/movement/share/movement/local_setup.sh
[0.907s] -- Up-to-date: /ws/go2_ws/src/install/movement/share/movement/local_setup.zsh
[0.907s] -- Installing: /ws/go2_ws/src/install/movement/share/movement/local_setup.dsv
[0.914s] -- Installing: /ws/go2_ws/src/install/movement/share/movement/package.dsv
[0.923s] -- Up-to-date: /ws/go2_ws/src/install/movement/share/ament_index/resource_index/packages/movement
[0.924s] -- Up-to-date: /ws/go2_ws/src/install/movement/share/movement/cmake/movementConfig.cmake
[0.924s] -- Up-to-date: /ws/go2_ws/src/install/movement/share/movement/cmake/movementConfig-version.cmake
[0.925s] -- Installing: /ws/go2_ws/src/install/movement/share/movement/package.xml
[0.930s] Invoked command in '/ws/go2_ws/src/build/movement' returned '0': CMAKE_PREFIX_PATH=${CMAKE_PREFIX_PATH}:/opt/ros/foxy /usr/bin/cmake --install /ws/go2_ws/src/build/movement
