[0.013s] Invoking command in '/ws/go2_ws/src/build/movement': CMAKE_PREFIX_PATH=${CMAKE_PREFIX_PATH}:/opt/ros/foxy /usr/bin/cmake /ws/go2_ws/src/movement -DCMAKE_INSTALL_PREFIX=/ws/go2_ws/src/install/movement
[0.034s] -- Found ament_cmake: 0.9.12 (/opt/ros/foxy/share/ament_cmake/cmake)
[0.047s] -- Using PYTHON_EXECUTABLE: /usr/bin/python3
[0.119s] -- Found unitree_go: 0.0.0 (/root/unitree_ros2/cyclonedds_ws/install/unitree_go/share/unitree_go/cmake)
[0.130s] -- Using all available rosidl_typesupport_c: rosidl_typesupport_fastrtps_c;rosidl_typesupport_introspection_c
[0.133s] -- Found rosidl_adapter: 1.3.1 (/opt/ros/foxy/share/rosidl_adapter/cmake)
[0.189s] -- Using all available rosidl_typesupport_cpp: rosidl_typesupport_fastrtps_cpp;rosidl_typesupport_introspection_cpp
[0.266s] -- Found unitree_api: 0.0.0 (/root/unitree_ros2/cyclonedds_ws/install/unitree_api/share/unitree_api/cmake)
[0.296s] -- Found rclcpp: 2.4.3 (/opt/ros/foxy/share/rclcpp/cmake)
[0.315s] -- Found rmw_implementation_cmake: 1.0.4 (/opt/ros/foxy/share/rmw_implementation_cmake/cmake)
[0.316s] -- Using RMW implementation 'rmw_cyclonedds_cpp' as default
[0.387s] CMake Error at CMakeLists.txt:24 (find_package):
[0.388s]   By not providing "Findinterfaces.cmake" in CMAKE_MODULE_PATH this project
[0.388s]   has asked CMake to find a package configuration file provided by
[0.388s]   "interfaces", but CMake did not find one.
[0.389s] 
[0.390s]   Could not find a package configuration file provided by "interfaces" with
[0.390s]   any of the following names:
[0.391s] 
[0.394s]     interfacesConfig.cmake
[0.394s]     interfaces-config.cmake
[0.394s] 
[0.395s]   Add the installation prefix of "interfaces" to CMAKE_PREFIX_PATH or set
[0.396s]   "interfaces_DIR" to a directory containing one of the above files.  If
[0.396s]   "interfaces" provides a separate development package or SDK, be sure it has
[0.396s]   been installed.
[0.397s] 
[0.397s] 
[0.397s] -- Configuring incomplete, errors occurred!
[0.397s] See also "/ws/go2_ws/src/build/movement/CMakeFiles/CMakeOutput.log".
[0.397s] See also "/ws/go2_ws/src/build/movement/CMakeFiles/CMakeError.log".
[0.397s] Invoked command in '/ws/go2_ws/src/build/movement' returned '1': CMAKE_PREFIX_PATH=${CMAKE_PREFIX_PATH}:/opt/ros/foxy /usr/bin/cmake /ws/go2_ws/src/movement -DCMAKE_INSTALL_PREFIX=/ws/go2_ws/src/install/movement
