[0.024s] Invoking command in '/home/borong/Docker_Unitree_Majoco/go2_ws/build/movement': /usr/bin/cmake /home/borong/Docker_Unitree_Majoco/go2_ws/src/movement -DCMAKE_INSTALL_PREFIX=/home/borong/Docker_Unitree_Majoco/go2_ws/install/movement
[0.196s] -- The C compiler identification is GNU 9.4.0
[0.349s] -- The CXX compiler identification is GNU 9.4.0
[0.370s] -- Check for working C compiler: /usr/bin/cc
[0.521s] -- Check for working C compiler: /usr/bin/cc -- works
[0.524s] -- Detecting C compiler ABI info
[0.665s] -- Detecting C compiler ABI info - done
[0.692s] -- Detecting C compile features
[0.692s] -- Detecting C compile features - done
[0.698s] -- Check for working CXX compiler: /usr/bin/c++
[0.860s] -- Check for working CXX compiler: /usr/bin/c++ -- works
[0.862s] -- Detecting CXX compiler ABI info
[1.043s] -- Detecting CXX compiler ABI info - done
[1.078s] -- Detecting CXX compile features
[1.080s] -- Detecting CXX compile features - done
[1.104s] CMake Error at CMakeLists.txt:20 (find_package):
[1.105s]   By not providing "Findament_cmake.cmake" in CMAKE_MODULE_PATH this project
[1.105s]   has asked CMake to find a package configuration file provided by
[1.105s]   "ament_cmake", but CMake did not find one.
[1.105s] 
[1.105s]   Could not find a package configuration file provided by "ament_cmake" with
[1.106s]   any of the following names:
[1.106s] 
[1.106s]     ament_cmakeConfig.cmake
[1.106s]     ament_cmake-config.cmake
[1.106s] 
[1.106s]   Add the installation prefix of "ament_cmake" to CMAKE_PREFIX_PATH or set
[1.106s]   "ament_cmake_DIR" to a directory containing one of the above files.  If
[1.106s]   "ament_cmake" provides a separate development package or SDK, be sure it
[1.107s]   has been installed.
[1.107s] 
[1.107s] 
[1.107s] -- Configuring incomplete, errors occurred!
[1.107s] See also "/home/borong/Docker_Unitree_Majoco/go2_ws/build/movement/CMakeFiles/CMakeOutput.log".
[1.111s] Invoked command in '/home/borong/Docker_Unitree_Majoco/go2_ws/build/movement' returned '1': /usr/bin/cmake /home/borong/Docker_Unitree_Majoco/go2_ws/src/movement -DCMAKE_INSTALL_PREFIX=/home/borong/Docker_Unitree_Majoco/go2_ws/install/movement
