[0.608s] DEBUG:colcon:Command line arguments: ['/usr/bin/colcon', 'build']
[0.608s] DEBUG:colcon:Parsed command line arguments: Namespace(allow_overriding=[], ament_cmake_args=None, base_paths=['.'], build_base='build', catkin_cmake_args=None, catkin_skip_building_tests=False, cmake_args=None, cmake_clean_cache=False, cmake_clean_first=False, cmake_force_configure=False, cmake_target=None, cmake_target_skip_unavailable=False, continue_on_error=False, event_handlers=None, executor='parallel', ignore_user_meta=False, install_base='install', log_base=None, log_level=None, main=<bound method BuildVerb.main of <colcon_core.verb.build.BuildVerb object at 0x7fb60a18db20>>, merge_install=False, metas=['./colcon.meta'], mixin=None, mixin_files=None, mixin_verb=('build',), packages_above=None, packages_above_and_dependencies=None, packages_above_depth=None, packages_end=None, packages_ignore=None, packages_ignore_regex=None, packages_select=None, packages_select_build_failed=False, packages_select_by_dep=None, packages_select_regex=None, packages_select_test_failures=False, packages_skip=None, packages_skip_build_finished=False, packages_skip_by_dep=None, packages_skip_regex=None, packages_skip_test_passed=False, packages_skip_up_to=None, packages_start=None, packages_up_to=None, packages_up_to_regex=None, parallel_workers=4, paths=None, symlink_install=False, test_result_base=None, verb_extension=<colcon_core.verb.build.BuildVerb object at 0x7fb60a18db20>, verb_name='build', verb_parser=<colcon_mixin.mixin.mixin_argument.MixinArgumentDecorator object at 0x7fb60a0e3ac0>)
[0.981s] Level 1:colcon.colcon_core.package_discovery:discover_packages(colcon_meta) check parameters
[0.981s] Level 1:colcon.colcon_core.package_discovery:discover_packages(recursive) check parameters
[0.981s] Level 1:colcon.colcon_core.package_discovery:discover_packages(ignore) check parameters
[0.982s] Level 1:colcon.colcon_core.package_discovery:discover_packages(path) check parameters
[0.982s] Level 1:colcon.colcon_core.package_discovery:discover_packages(colcon_meta) discover
[0.982s] Level 1:colcon.colcon_core.package_discovery:discover_packages(recursive) discover
[0.982s] INFO:colcon.colcon_core.package_discovery:Crawling recursively for packages in '/home/borong/Docker_Unitree_Majoco/go2_ws'
[0.982s] Level 1:colcon.colcon_core.package_identification:_identify(.) by extensions ['ignore', 'ignore_ament_install']
[0.982s] Level 1:colcon.colcon_core.package_identification:_identify(.) by extension 'ignore'
[0.982s] Level 1:colcon.colcon_core.package_identification:_identify(.) by extension 'ignore_ament_install'
[0.982s] Level 1:colcon.colcon_core.package_identification:_identify(.) by extensions ['colcon_pkg']
[0.982s] Level 1:colcon.colcon_core.package_identification:_identify(.) by extension 'colcon_pkg'
[0.983s] Level 1:colcon.colcon_core.package_identification:_identify(.) by extensions ['colcon_meta']
[0.983s] Level 1:colcon.colcon_core.package_identification:_identify(.) by extension 'colcon_meta'
[0.983s] Level 1:colcon.colcon_core.package_identification:_identify(.) by extensions ['ros']
[0.983s] Level 1:colcon.colcon_core.package_identification:_identify(.) by extension 'ros'
[1.010s] Level 1:colcon.colcon_core.package_identification:_identify(.) by extensions ['cmake', 'python']
[1.010s] Level 1:colcon.colcon_core.package_identification:_identify(.) by extension 'cmake'
[1.010s] Level 1:colcon.colcon_core.package_identification:_identify(.) by extension 'python'
[1.010s] Level 1:colcon.colcon_core.package_identification:_identify(.) by extensions ['python_setup_py']
[1.010s] Level 1:colcon.colcon_core.package_identification:_identify(.) by extension 'python_setup_py'
[1.011s] Level 1:colcon.colcon_core.package_identification:_identify(build) by extensions ['ignore', 'ignore_ament_install']
[1.011s] Level 1:colcon.colcon_core.package_identification:_identify(build) by extension 'ignore'
[1.011s] Level 1:colcon.colcon_core.package_identification:_identify(build) ignored
[1.011s] Level 1:colcon.colcon_core.package_identification:_identify(install) by extensions ['ignore', 'ignore_ament_install']
[1.011s] Level 1:colcon.colcon_core.package_identification:_identify(install) by extension 'ignore'
[1.011s] Level 1:colcon.colcon_core.package_identification:_identify(install) ignored
[1.012s] Level 1:colcon.colcon_core.package_identification:_identify(log) by extensions ['ignore', 'ignore_ament_install']
[1.012s] Level 1:colcon.colcon_core.package_identification:_identify(log) by extension 'ignore'
[1.012s] Level 1:colcon.colcon_core.package_identification:_identify(log) ignored
[1.012s] Level 1:colcon.colcon_core.package_identification:_identify(src) by extensions ['ignore', 'ignore_ament_install']
[1.012s] Level 1:colcon.colcon_core.package_identification:_identify(src) by extension 'ignore'
[1.012s] Level 1:colcon.colcon_core.package_identification:_identify(src) by extension 'ignore_ament_install'
[1.012s] Level 1:colcon.colcon_core.package_identification:_identify(src) by extensions ['colcon_pkg']
[1.013s] Level 1:colcon.colcon_core.package_identification:_identify(src) by extension 'colcon_pkg'
[1.013s] Level 1:colcon.colcon_core.package_identification:_identify(src) by extensions ['colcon_meta']
[1.013s] Level 1:colcon.colcon_core.package_identification:_identify(src) by extension 'colcon_meta'
[1.013s] Level 1:colcon.colcon_core.package_identification:_identify(src) by extensions ['ros']
[1.013s] Level 1:colcon.colcon_core.package_identification:_identify(src) by extension 'ros'
[1.013s] Level 1:colcon.colcon_core.package_identification:_identify(src) by extensions ['cmake', 'python']
[1.013s] Level 1:colcon.colcon_core.package_identification:_identify(src) by extension 'cmake'
[1.013s] Level 1:colcon.colcon_core.package_identification:_identify(src) by extension 'python'
[1.013s] Level 1:colcon.colcon_core.package_identification:_identify(src) by extensions ['python_setup_py']
[1.013s] Level 1:colcon.colcon_core.package_identification:_identify(src) by extension 'python_setup_py'
[1.014s] Level 1:colcon.colcon_core.package_identification:_identify(src/movement) by extensions ['ignore', 'ignore_ament_install']
[1.014s] Level 1:colcon.colcon_core.package_identification:_identify(src/movement) by extension 'ignore'
[1.014s] Level 1:colcon.colcon_core.package_identification:_identify(src/movement) by extension 'ignore_ament_install'
[1.014s] Level 1:colcon.colcon_core.package_identification:_identify(src/movement) by extensions ['colcon_pkg']
[1.014s] Level 1:colcon.colcon_core.package_identification:_identify(src/movement) by extension 'colcon_pkg'
[1.014s] Level 1:colcon.colcon_core.package_identification:_identify(src/movement) by extensions ['colcon_meta']
[1.014s] Level 1:colcon.colcon_core.package_identification:_identify(src/movement) by extension 'colcon_meta'
[1.014s] Level 1:colcon.colcon_core.package_identification:_identify(src/movement) by extensions ['ros']
[1.014s] Level 1:colcon.colcon_core.package_identification:_identify(src/movement) by extension 'ros'
[1.019s] DEBUG:colcon.colcon_core.package_identification:Package 'src/movement' with type 'ros.ament_cmake' and name 'movement'
[1.020s] Level 1:colcon.colcon_core.package_discovery:discover_packages(recursive) using defaults
[1.020s] Level 1:colcon.colcon_core.package_discovery:discover_packages(ignore) discover
[1.020s] Level 1:colcon.colcon_core.package_discovery:discover_packages(ignore) using defaults
[1.020s] Level 1:colcon.colcon_core.package_discovery:discover_packages(path) discover
[1.020s] Level 1:colcon.colcon_core.package_discovery:discover_packages(path) using defaults
[1.052s] Level 1:colcon.colcon_core.package_discovery:discover_packages(prefix_path) check parameters
[1.053s] Level 1:colcon.colcon_core.package_discovery:discover_packages(prefix_path) discover
[1.058s] DEBUG:colcon.colcon_installed_package_information.package_discovery:Found 5 installed packages in /home/borong/unitree_ros2/cyclonedds_ws/install
[1.063s] DEBUG:colcon.colcon_installed_package_information.package_discovery:Found 273 installed packages in /opt/ros/foxy
[1.089s] Level 1:colcon.colcon_core.package_discovery:discover_packages(prefix_path) using defaults
[1.243s] Level 5:colcon.colcon_core.verb:set package 'movement' build argument 'cmake_args' from command line to 'None'
[1.243s] Level 5:colcon.colcon_core.verb:set package 'movement' build argument 'cmake_target' from command line to 'None'
[1.243s] Level 5:colcon.colcon_core.verb:set package 'movement' build argument 'cmake_target_skip_unavailable' from command line to 'False'
[1.243s] Level 5:colcon.colcon_core.verb:set package 'movement' build argument 'cmake_clean_cache' from command line to 'False'
[1.243s] Level 5:colcon.colcon_core.verb:set package 'movement' build argument 'cmake_clean_first' from command line to 'False'
[1.244s] Level 5:colcon.colcon_core.verb:set package 'movement' build argument 'cmake_force_configure' from command line to 'False'
[1.244s] Level 5:colcon.colcon_core.verb:set package 'movement' build argument 'ament_cmake_args' from command line to 'None'
[1.244s] Level 5:colcon.colcon_core.verb:set package 'movement' build argument 'catkin_cmake_args' from command line to 'None'
[1.244s] Level 5:colcon.colcon_core.verb:set package 'movement' build argument 'catkin_skip_building_tests' from command line to 'False'
[1.244s] DEBUG:colcon.colcon_core.verb:Building package 'movement' with the following arguments: {'ament_cmake_args': None, 'build_base': '/home/borong/Docker_Unitree_Majoco/go2_ws/build/movement', 'catkin_cmake_args': None, 'catkin_skip_building_tests': False, 'cmake_args': None, 'cmake_clean_cache': False, 'cmake_clean_first': False, 'cmake_force_configure': False, 'cmake_target': None, 'cmake_target_skip_unavailable': False, 'install_base': '/home/borong/Docker_Unitree_Majoco/go2_ws/install/movement', 'merge_install': False, 'path': '/home/borong/Docker_Unitree_Majoco/go2_ws/src/movement', 'symlink_install': False, 'test_result_base': None}
[1.244s] INFO:colcon.colcon_core.executor:Executing jobs using 'parallel' executor
[1.246s] DEBUG:colcon.colcon_parallel_executor.executor.parallel:run_until_complete
[1.246s] INFO:colcon.colcon_ros.task.ament_cmake.build:Building ROS package in '/home/borong/Docker_Unitree_Majoco/go2_ws/src/movement' with build type 'ament_cmake'
[1.247s] INFO:colcon.colcon_cmake.task.cmake.build:Building CMake package in '/home/borong/Docker_Unitree_Majoco/go2_ws/src/movement'
[1.251s] INFO:colcon.colcon_core.plugin_system:Skipping extension 'colcon_core.shell.bat': Not used on non-Windows systems
[1.252s] INFO:colcon.colcon_core.shell:Skip shell extension 'powershell' for command environment: Not usable outside of PowerShell
[1.252s] DEBUG:colcon.colcon_core.shell:Skip shell extension 'dsv' for command environment
[1.276s] DEBUG:colcon.colcon_core.event_handler.log_command:Invoking command in '/home/borong/Docker_Unitree_Majoco/go2_ws/build/movement': CMAKE_PREFIX_PATH=${CMAKE_PREFIX_PATH}:/opt/ros/foxy /usr/bin/cmake --build /home/borong/Docker_Unitree_Majoco/go2_ws/build/movement -- -j4 -l4
[21.483s] DEBUG:colcon.colcon_core.event_handler.log_command:Invoked command in '/home/borong/Docker_Unitree_Majoco/go2_ws/build/movement' returned '0': CMAKE_PREFIX_PATH=${CMAKE_PREFIX_PATH}:/opt/ros/foxy /usr/bin/cmake --build /home/borong/Docker_Unitree_Majoco/go2_ws/build/movement -- -j4 -l4
[21.512s] DEBUG:colcon.colcon_core.event_handler.log_command:Invoking command in '/home/borong/Docker_Unitree_Majoco/go2_ws/build/movement': CMAKE_PREFIX_PATH=${CMAKE_PREFIX_PATH}:/opt/ros/foxy /usr/bin/cmake --install /home/borong/Docker_Unitree_Majoco/go2_ws/build/movement
[21.559s] Level 1:colcon.colcon_core.environment:create_environment_scripts_only(movement)
[21.571s] DEBUG:colcon.colcon_core.event_handler.log_command:Invoked command in '/home/borong/Docker_Unitree_Majoco/go2_ws/build/movement' returned '0': CMAKE_PREFIX_PATH=${CMAKE_PREFIX_PATH}:/opt/ros/foxy /usr/bin/cmake --install /home/borong/Docker_Unitree_Majoco/go2_ws/build/movement
[21.573s] Level 1:colcon.colcon_core.environment:checking '/home/borong/Docker_Unitree_Majoco/go2_ws/install/movement' for CMake module files
[21.575s] Level 1:colcon.colcon_core.environment:checking '/home/borong/Docker_Unitree_Majoco/go2_ws/install/movement' for CMake config files
[21.576s] Level 1:colcon.colcon_core.shell:create_environment_hook('movement', 'cmake_prefix_path')
[21.577s] INFO:colcon.colcon_core.shell:Creating environment hook '/home/borong/Docker_Unitree_Majoco/go2_ws/install/movement/share/movement/hook/cmake_prefix_path.ps1'
[21.579s] INFO:colcon.colcon_core.shell:Creating environment descriptor '/home/borong/Docker_Unitree_Majoco/go2_ws/install/movement/share/movement/hook/cmake_prefix_path.dsv'
[21.581s] INFO:colcon.colcon_core.shell:Creating environment hook '/home/borong/Docker_Unitree_Majoco/go2_ws/install/movement/share/movement/hook/cmake_prefix_path.sh'
[21.584s] Level 1:colcon.colcon_core.environment:checking '/home/borong/Docker_Unitree_Majoco/go2_ws/install/movement/lib'
[21.585s] Level 1:colcon.colcon_core.environment:checking '/home/borong/Docker_Unitree_Majoco/go2_ws/install/movement/bin'
[21.585s] Level 1:colcon.colcon_core.environment:checking '/home/borong/Docker_Unitree_Majoco/go2_ws/install/movement/lib/pkgconfig/movement.pc'
[21.586s] Level 1:colcon.colcon_core.environment:checking '/home/borong/Docker_Unitree_Majoco/go2_ws/install/movement/lib/python3.8/site-packages'
[21.586s] Level 1:colcon.colcon_core.environment:checking '/home/borong/Docker_Unitree_Majoco/go2_ws/install/movement/bin'
[21.587s] INFO:colcon.colcon_core.shell:Creating package script '/home/borong/Docker_Unitree_Majoco/go2_ws/install/movement/share/movement/package.ps1'
[21.590s] INFO:colcon.colcon_core.shell:Creating package descriptor '/home/borong/Docker_Unitree_Majoco/go2_ws/install/movement/share/movement/package.dsv'
[21.592s] INFO:colcon.colcon_core.shell:Creating package script '/home/borong/Docker_Unitree_Majoco/go2_ws/install/movement/share/movement/package.sh'
[21.594s] INFO:colcon.colcon_core.shell:Creating package script '/home/borong/Docker_Unitree_Majoco/go2_ws/install/movement/share/movement/package.bash'
[21.597s] INFO:colcon.colcon_core.shell:Creating package script '/home/borong/Docker_Unitree_Majoco/go2_ws/install/movement/share/movement/package.zsh'
[21.600s] Level 1:colcon.colcon_core.environment:create_file_with_runtime_dependencies(/home/borong/Docker_Unitree_Majoco/go2_ws/install/movement/share/colcon-core/packages/movement)
[21.602s] Level 1:colcon.colcon_core.environment:create_environment_scripts_only(movement)
[21.603s] Level 1:colcon.colcon_core.environment:checking '/home/borong/Docker_Unitree_Majoco/go2_ws/install/movement' for CMake module files
[21.604s] Level 1:colcon.colcon_core.environment:checking '/home/borong/Docker_Unitree_Majoco/go2_ws/install/movement' for CMake config files
[21.604s] Level 1:colcon.colcon_core.shell:create_environment_hook('movement', 'cmake_prefix_path')
[21.605s] INFO:colcon.colcon_core.shell:Creating environment hook '/home/borong/Docker_Unitree_Majoco/go2_ws/install/movement/share/movement/hook/cmake_prefix_path.ps1'
[21.606s] INFO:colcon.colcon_core.shell:Creating environment descriptor '/home/borong/Docker_Unitree_Majoco/go2_ws/install/movement/share/movement/hook/cmake_prefix_path.dsv'
[21.607s] INFO:colcon.colcon_core.shell:Creating environment hook '/home/borong/Docker_Unitree_Majoco/go2_ws/install/movement/share/movement/hook/cmake_prefix_path.sh'
[21.608s] Level 1:colcon.colcon_core.environment:checking '/home/borong/Docker_Unitree_Majoco/go2_ws/install/movement/lib'
[21.608s] Level 1:colcon.colcon_core.environment:checking '/home/borong/Docker_Unitree_Majoco/go2_ws/install/movement/bin'
[21.608s] Level 1:colcon.colcon_core.environment:checking '/home/borong/Docker_Unitree_Majoco/go2_ws/install/movement/lib/pkgconfig/movement.pc'
[21.609s] Level 1:colcon.colcon_core.environment:checking '/home/borong/Docker_Unitree_Majoco/go2_ws/install/movement/lib/python3.8/site-packages'
[21.610s] Level 1:colcon.colcon_core.environment:checking '/home/borong/Docker_Unitree_Majoco/go2_ws/install/movement/bin'
[21.611s] INFO:colcon.colcon_core.shell:Creating package script '/home/borong/Docker_Unitree_Majoco/go2_ws/install/movement/share/movement/package.ps1'
[21.614s] INFO:colcon.colcon_core.shell:Creating package descriptor '/home/borong/Docker_Unitree_Majoco/go2_ws/install/movement/share/movement/package.dsv'
[21.616s] INFO:colcon.colcon_core.shell:Creating package script '/home/borong/Docker_Unitree_Majoco/go2_ws/install/movement/share/movement/package.sh'
[21.617s] INFO:colcon.colcon_core.shell:Creating package script '/home/borong/Docker_Unitree_Majoco/go2_ws/install/movement/share/movement/package.bash'
[21.618s] INFO:colcon.colcon_core.shell:Creating package script '/home/borong/Docker_Unitree_Majoco/go2_ws/install/movement/share/movement/package.zsh'
[21.619s] Level 1:colcon.colcon_core.environment:create_file_with_runtime_dependencies(/home/borong/Docker_Unitree_Majoco/go2_ws/install/movement/share/colcon-core/packages/movement)
[21.620s] DEBUG:colcon.colcon_parallel_executor.executor.parallel:closing loop
[21.621s] DEBUG:colcon.colcon_parallel_executor.executor.parallel:loop closed
[21.622s] DEBUG:colcon.colcon_parallel_executor.executor.parallel:run_until_complete finished with '0'
[21.622s] DEBUG:colcon.colcon_core.event_reactor:joining thread
[21.640s] INFO:colcon.colcon_core.plugin_system:Skipping extension 'colcon_notification.desktop_notification.terminal_notifier': Not used on non-Darwin systems
[21.641s] INFO:colcon.colcon_core.plugin_system:Skipping extension 'colcon_notification.desktop_notification.win32': Not used on non-Windows systems
[21.641s] INFO:colcon.colcon_notification.desktop_notification:Sending desktop notification using 'notify2'
[21.691s] DEBUG:colcon.colcon_core.event_reactor:joined thread
[21.692s] INFO:colcon.colcon_core.shell:Creating prefix script '/home/borong/Docker_Unitree_Majoco/go2_ws/install/local_setup.ps1'
[21.695s] INFO:colcon.colcon_core.shell:Creating prefix util module '/home/borong/Docker_Unitree_Majoco/go2_ws/install/_local_setup_util_ps1.py'
[21.700s] INFO:colcon.colcon_core.shell:Creating prefix chain script '/home/borong/Docker_Unitree_Majoco/go2_ws/install/setup.ps1'
[21.704s] INFO:colcon.colcon_core.shell:Creating prefix script '/home/borong/Docker_Unitree_Majoco/go2_ws/install/local_setup.sh'
[21.705s] INFO:colcon.colcon_core.shell:Creating prefix util module '/home/borong/Docker_Unitree_Majoco/go2_ws/install/_local_setup_util_sh.py'
[21.707s] INFO:colcon.colcon_core.shell:Creating prefix chain script '/home/borong/Docker_Unitree_Majoco/go2_ws/install/setup.sh'
[21.709s] INFO:colcon.colcon_core.shell:Creating prefix script '/home/borong/Docker_Unitree_Majoco/go2_ws/install/local_setup.bash'
[21.712s] INFO:colcon.colcon_core.shell:Creating prefix chain script '/home/borong/Docker_Unitree_Majoco/go2_ws/install/setup.bash'
[21.715s] INFO:colcon.colcon_core.shell:Creating prefix script '/home/borong/Docker_Unitree_Majoco/go2_ws/install/local_setup.zsh'
[21.716s] INFO:colcon.colcon_core.shell:Creating prefix chain script '/home/borong/Docker_Unitree_Majoco/go2_ws/install/setup.zsh'
