[0.207s] DEBUG:colcon:Command line arguments: ['/usr/bin/colcon', 'build']
[0.207s] DEBUG:colcon:Parsed command line arguments: Namespace(ament_cmake_args=None, base_paths=['.'], build_base='build', catkin_cmake_args=None, catkin_skip_building_tests=False, cmake_args=None, cmake_clean_cache=False, cmake_clean_first=False, cmake_force_configure=False, cmake_target=None, cmake_target_skip_unavailable=False, continue_on_error=False, event_handlers=None, executor='parallel', ignore_user_meta=False, install_base='install', log_base=None, log_level=None, main=<bound method BuildVerb.main of <colcon_core.verb.build.BuildVerb object at 0xffffbc866040>>, merge_install=False, metas=['./colcon.meta'], mixin=None, mixin_files=None, mixin_verb=('build',), packages_above=None, packages_above_and_dependencies=None, packages_above_depth=None, packages_end=None, packages_ignore=None, packages_ignore_regex=None, packages_select=None, packages_select_build_failed=False, packages_select_by_dep=None, packages_select_regex=None, packages_select_test_failures=False, packages_skip=None, packages_skip_build_finished=False, packages_skip_by_dep=None, packages_skip_regex=None, packages_skip_test_passed=False, packages_skip_up_to=None, packages_start=None, packages_up_to=None, packages_up_to_regex=None, parallel_workers=8, paths=None, symlink_install=False, test_result_base=None, verb_extension=<colcon_core.verb.build.BuildVerb object at 0xffffbc866040>, verb_name='build', verb_parser=<colcon_mixin.mixin.mixin_argument.MixinArgumentDecorator object at 0xffffbc866640>)
[0.238s] Level 1:colcon.colcon_core.package_discovery:discover_packages(colcon_meta) check parameters
[0.238s] INFO:colcon.colcon_metadata.package_discovery.colcon_meta:Using configuration from '/root/.colcon/metadata/default/Gazebo.meta'
[0.238s] INFO:colcon.colcon_metadata.package_discovery.colcon_meta:Using configuration from '/root/.colcon/metadata/default/fastrtps.meta'
[0.239s] Level 1:colcon.colcon_core.package_discovery:discover_packages(recursive) check parameters
[0.239s] Level 1:colcon.colcon_core.package_discovery:discover_packages(ignore) check parameters
[0.239s] Level 1:colcon.colcon_core.package_discovery:discover_packages(path) check parameters
[0.239s] Level 1:colcon.colcon_core.package_discovery:discover_packages(colcon_meta) discover
[0.239s] Level 1:colcon.colcon_core.package_discovery:discover_packages(recursive) discover
[0.239s] INFO:colcon.colcon_core.package_discovery:Crawling recursively for packages in '/ws/go2_ws/src'
[0.239s] Level 1:colcon.colcon_core.package_identification:_identify(.) by extensions ['ignore', 'ignore_ament_install']
[0.239s] Level 1:colcon.colcon_core.package_identification:_identify(.) by extension 'ignore'
[0.239s] Level 1:colcon.colcon_core.package_identification:_identify(.) by extension 'ignore_ament_install'
[0.239s] Level 1:colcon.colcon_core.package_identification:_identify(.) by extensions ['colcon_pkg']
[0.239s] Level 1:colcon.colcon_core.package_identification:_identify(.) by extension 'colcon_pkg'
[0.239s] Level 1:colcon.colcon_core.package_identification:_identify(.) by extensions ['colcon_meta']
[0.239s] Level 1:colcon.colcon_core.package_identification:_identify(.) by extension 'colcon_meta'
[0.240s] Level 1:colcon.colcon_core.package_identification:_identify(.) by extensions ['ros']
[0.240s] Level 1:colcon.colcon_core.package_identification:_identify(.) by extension 'ros'
[0.261s] Level 1:colcon.colcon_core.package_identification:_identify(.) by extensions ['cmake', 'python']
[0.261s] Level 1:colcon.colcon_core.package_identification:_identify(.) by extension 'cmake'
[0.261s] Level 1:colcon.colcon_core.package_identification:_identify(.) by extension 'python'
[0.261s] Level 1:colcon.colcon_core.package_identification:_identify(.) by extensions ['python_setup_py']
[0.261s] Level 1:colcon.colcon_core.package_identification:_identify(.) by extension 'python_setup_py'
[0.261s] Level 1:colcon.colcon_core.package_identification:_identify(build) by extensions ['ignore', 'ignore_ament_install']
[0.261s] Level 1:colcon.colcon_core.package_identification:_identify(build) by extension 'ignore'
[0.261s] Level 1:colcon.colcon_core.package_identification:_identify(build) ignored
[0.262s] Level 1:colcon.colcon_core.package_identification:_identify(install) by extensions ['ignore', 'ignore_ament_install']
[0.262s] Level 1:colcon.colcon_core.package_identification:_identify(install) by extension 'ignore'
[0.262s] Level 1:colcon.colcon_core.package_identification:_identify(install) ignored
[0.262s] Level 1:colcon.colcon_core.package_identification:_identify(log) by extensions ['ignore', 'ignore_ament_install']
[0.262s] Level 1:colcon.colcon_core.package_identification:_identify(log) by extension 'ignore'
[0.262s] Level 1:colcon.colcon_core.package_identification:_identify(log) ignored
[0.262s] Level 1:colcon.colcon_core.package_identification:_identify(movement) by extensions ['ignore', 'ignore_ament_install']
[0.262s] Level 1:colcon.colcon_core.package_identification:_identify(movement) by extension 'ignore'
[0.262s] Level 1:colcon.colcon_core.package_identification:_identify(movement) by extension 'ignore_ament_install'
[0.263s] Level 1:colcon.colcon_core.package_identification:_identify(movement) by extensions ['colcon_pkg']
[0.263s] Level 1:colcon.colcon_core.package_identification:_identify(movement) by extension 'colcon_pkg'
[0.263s] Level 1:colcon.colcon_core.package_identification:_identify(movement) by extensions ['colcon_meta']
[0.263s] Level 1:colcon.colcon_core.package_identification:_identify(movement) by extension 'colcon_meta'
[0.263s] Level 1:colcon.colcon_core.package_identification:_identify(movement) by extensions ['ros']
[0.263s] Level 1:colcon.colcon_core.package_identification:_identify(movement) by extension 'ros'
[0.265s] DEBUG:colcon.colcon_core.package_identification:Package 'movement' with type 'ros.ament_cmake' and name 'movement'
[0.265s] Level 1:colcon.colcon_core.package_discovery:discover_packages(recursive) using defaults
[0.265s] Level 1:colcon.colcon_core.package_discovery:discover_packages(ignore) discover
[0.266s] Level 1:colcon.colcon_core.package_discovery:discover_packages(ignore) using defaults
[0.266s] Level 1:colcon.colcon_core.package_discovery:discover_packages(path) discover
[0.266s] Level 1:colcon.colcon_core.package_discovery:discover_packages(path) using defaults
[0.282s] Level 5:colcon.colcon_core.verb:set package 'movement' build argument 'cmake_args' from command line to 'None'
[0.282s] Level 5:colcon.colcon_core.verb:set package 'movement' build argument 'cmake_target' from command line to 'None'
[0.282s] Level 5:colcon.colcon_core.verb:set package 'movement' build argument 'cmake_target_skip_unavailable' from command line to 'False'
[0.282s] Level 5:colcon.colcon_core.verb:set package 'movement' build argument 'cmake_clean_cache' from command line to 'False'
[0.282s] Level 5:colcon.colcon_core.verb:set package 'movement' build argument 'cmake_clean_first' from command line to 'False'
[0.282s] Level 5:colcon.colcon_core.verb:set package 'movement' build argument 'cmake_force_configure' from command line to 'False'
[0.282s] Level 5:colcon.colcon_core.verb:set package 'movement' build argument 'ament_cmake_args' from command line to 'None'
[0.282s] Level 5:colcon.colcon_core.verb:set package 'movement' build argument 'catkin_cmake_args' from command line to 'None'
[0.282s] Level 5:colcon.colcon_core.verb:set package 'movement' build argument 'catkin_skip_building_tests' from command line to 'False'
[0.282s] DEBUG:colcon.colcon_core.verb:Building package 'movement' with the following arguments: {'ament_cmake_args': None, 'build_base': '/ws/go2_ws/src/build/movement', 'catkin_cmake_args': None, 'catkin_skip_building_tests': False, 'cmake_args': None, 'cmake_clean_cache': False, 'cmake_clean_first': False, 'cmake_force_configure': False, 'cmake_target': None, 'cmake_target_skip_unavailable': False, 'install_base': '/ws/go2_ws/src/install/movement', 'merge_install': False, 'path': '/ws/go2_ws/src/movement', 'symlink_install': False, 'test_result_base': None}
[0.283s] INFO:colcon.colcon_core.executor:Executing jobs using 'parallel' executor
[0.285s] DEBUG:colcon.colcon_parallel_executor.executor.parallel:run_until_complete
[0.285s] INFO:colcon.colcon_ros.task.ament_cmake.build:Building ROS package in '/ws/go2_ws/src/movement' with build type 'ament_cmake'
[0.285s] INFO:colcon.colcon_cmake.task.cmake.build:Building CMake package in '/ws/go2_ws/src/movement'
[0.289s] INFO:colcon.colcon_core.plugin_system:Skipping extension 'colcon_core.shell.bat': Not used on non-Windows systems
[0.289s] INFO:colcon.colcon_core.shell:Skip shell extension 'powershell' for command environment: Not usable outside of PowerShell
[0.289s] DEBUG:colcon.colcon_core.shell:Skip shell extension 'dsv' for command environment
[0.316s] DEBUG:colcon.colcon_core.event_handler.log_command:Invoking command in '/ws/go2_ws/src/build/movement': CMAKE_PREFIX_PATH=${CMAKE_PREFIX_PATH}:/opt/ros/foxy /usr/bin/cmake --build /ws/go2_ws/src/build/movement -- -j8 -l8
[1.572s] DEBUG:colcon.colcon_core.event_handler.log_command:Invoked command in '/ws/go2_ws/src/build/movement' returned '0': CMAKE_PREFIX_PATH=${CMAKE_PREFIX_PATH}:/opt/ros/foxy /usr/bin/cmake --build /ws/go2_ws/src/build/movement -- -j8 -l8
[1.604s] DEBUG:colcon.colcon_core.event_handler.log_command:Invoking command in '/ws/go2_ws/src/build/movement': CMAKE_PREFIX_PATH=${CMAKE_PREFIX_PATH}:/opt/ros/foxy /usr/bin/cmake --install /ws/go2_ws/src/build/movement
[1.743s] Level 1:colcon.colcon_core.environment:create_environment_scripts_only(movement)
[1.744s] DEBUG:colcon.colcon_core.event_handler.log_command:Invoked command in '/ws/go2_ws/src/build/movement' returned '0': CMAKE_PREFIX_PATH=${CMAKE_PREFIX_PATH}:/opt/ros/foxy /usr/bin/cmake --install /ws/go2_ws/src/build/movement
[1.751s] Level 1:colcon.colcon_core.environment:checking '/ws/go2_ws/src/install/movement' for CMake module files
[1.753s] Level 1:colcon.colcon_core.environment:checking '/ws/go2_ws/src/install/movement' for CMake config files
[1.754s] Level 1:colcon.colcon_core.shell:create_environment_hook('movement', 'cmake_prefix_path')
[1.754s] INFO:colcon.colcon_core.shell:Creating environment hook '/ws/go2_ws/src/install/movement/share/movement/hook/cmake_prefix_path.ps1'
[1.756s] INFO:colcon.colcon_core.shell:Creating environment descriptor '/ws/go2_ws/src/install/movement/share/movement/hook/cmake_prefix_path.dsv'
[1.757s] INFO:colcon.colcon_core.shell:Creating environment hook '/ws/go2_ws/src/install/movement/share/movement/hook/cmake_prefix_path.sh'
[1.758s] Level 1:colcon.colcon_core.environment:checking '/ws/go2_ws/src/install/movement/lib'
[1.758s] Level 1:colcon.colcon_core.environment:checking '/ws/go2_ws/src/install/movement/bin'
[1.758s] Level 1:colcon.colcon_core.environment:checking '/ws/go2_ws/src/install/movement/lib/pkgconfig/movement.pc'
[1.759s] Level 1:colcon.colcon_core.environment:checking '/ws/go2_ws/src/install/movement/lib/python3.8/site-packages'
[1.759s] Level 1:colcon.colcon_core.environment:checking '/ws/go2_ws/src/install/movement/bin'
[1.759s] INFO:colcon.colcon_core.shell:Creating package script '/ws/go2_ws/src/install/movement/share/movement/package.ps1'
[1.760s] INFO:colcon.colcon_core.shell:Creating package descriptor '/ws/go2_ws/src/install/movement/share/movement/package.dsv'
[1.760s] INFO:colcon.colcon_core.shell:Creating package script '/ws/go2_ws/src/install/movement/share/movement/package.sh'
[1.761s] INFO:colcon.colcon_core.shell:Creating package script '/ws/go2_ws/src/install/movement/share/movement/package.bash'
[1.762s] INFO:colcon.colcon_core.shell:Creating package script '/ws/go2_ws/src/install/movement/share/movement/package.zsh'
[1.762s] Level 1:colcon.colcon_core.environment:create_file_with_runtime_dependencies(/ws/go2_ws/src/install/movement/share/colcon-core/packages/movement)
[1.786s] Level 1:colcon.colcon_core.environment:create_environment_scripts_only(movement)
[1.787s] Level 1:colcon.colcon_core.environment:checking '/ws/go2_ws/src/install/movement' for CMake module files
[1.789s] Level 1:colcon.colcon_core.environment:checking '/ws/go2_ws/src/install/movement' for CMake config files
[1.789s] Level 1:colcon.colcon_core.shell:create_environment_hook('movement', 'cmake_prefix_path')
[1.790s] INFO:colcon.colcon_core.shell:Creating environment hook '/ws/go2_ws/src/install/movement/share/movement/hook/cmake_prefix_path.ps1'
[1.791s] INFO:colcon.colcon_core.shell:Creating environment descriptor '/ws/go2_ws/src/install/movement/share/movement/hook/cmake_prefix_path.dsv'
[1.791s] INFO:colcon.colcon_core.shell:Creating environment hook '/ws/go2_ws/src/install/movement/share/movement/hook/cmake_prefix_path.sh'
[1.792s] Level 1:colcon.colcon_core.environment:checking '/ws/go2_ws/src/install/movement/lib'
[1.792s] Level 1:colcon.colcon_core.environment:checking '/ws/go2_ws/src/install/movement/bin'
[1.792s] Level 1:colcon.colcon_core.environment:checking '/ws/go2_ws/src/install/movement/lib/pkgconfig/movement.pc'
[1.792s] Level 1:colcon.colcon_core.environment:checking '/ws/go2_ws/src/install/movement/lib/python3.8/site-packages'
[1.792s] Level 1:colcon.colcon_core.environment:checking '/ws/go2_ws/src/install/movement/bin'
[1.793s] INFO:colcon.colcon_core.shell:Creating package script '/ws/go2_ws/src/install/movement/share/movement/package.ps1'
[1.793s] INFO:colcon.colcon_core.shell:Creating package descriptor '/ws/go2_ws/src/install/movement/share/movement/package.dsv'
[1.794s] INFO:colcon.colcon_core.shell:Creating package script '/ws/go2_ws/src/install/movement/share/movement/package.sh'
[1.794s] INFO:colcon.colcon_core.shell:Creating package script '/ws/go2_ws/src/install/movement/share/movement/package.bash'
[1.794s] INFO:colcon.colcon_core.shell:Creating package script '/ws/go2_ws/src/install/movement/share/movement/package.zsh'
[1.795s] Level 1:colcon.colcon_core.environment:create_file_with_runtime_dependencies(/ws/go2_ws/src/install/movement/share/colcon-core/packages/movement)
[1.795s] DEBUG:colcon.colcon_parallel_executor.executor.parallel:closing loop
[1.795s] DEBUG:colcon.colcon_parallel_executor.executor.parallel:loop closed
[1.795s] DEBUG:colcon.colcon_parallel_executor.executor.parallel:run_until_complete finished with '0'
[1.796s] DEBUG:colcon.colcon_core.event_reactor:joining thread
[1.801s] INFO:colcon.colcon_core.plugin_system:Skipping extension 'colcon_notification.desktop_notification.notify_send': Could not find 'notify-send'
[1.801s] INFO:colcon.colcon_core.plugin_system:Skipping extension 'colcon_notification.desktop_notification.terminal_notifier': Not used on non-Darwin systems
[1.801s] INFO:colcon.colcon_core.plugin_system:Skipping extension 'colcon_notification.desktop_notification.win32': Not used on non-Windows systems
[1.801s] INFO:colcon.colcon_notification.desktop_notification:Sending desktop notification using 'notify2'
[1.803s] DEBUG:colcon.colcon_notification.desktop_notification.notify2:Failed to initialize notify2: org.freedesktop.DBus.Error.Spawn.ExecFailed: /usr/bin/dbus-launch terminated abnormally without any error message
[1.803s] DEBUG:colcon.colcon_core.event_reactor:joined thread
[1.804s] INFO:colcon.colcon_core.shell:Creating prefix script '/ws/go2_ws/src/install/local_setup.ps1'
[1.805s] INFO:colcon.colcon_core.shell:Creating prefix util module '/ws/go2_ws/src/install/_local_setup_util_ps1.py'
[1.806s] INFO:colcon.colcon_core.shell:Creating prefix chain script '/ws/go2_ws/src/install/setup.ps1'
[1.808s] INFO:colcon.colcon_core.shell:Creating prefix script '/ws/go2_ws/src/install/local_setup.sh'
[1.808s] INFO:colcon.colcon_core.shell:Creating prefix util module '/ws/go2_ws/src/install/_local_setup_util_sh.py'
[1.809s] INFO:colcon.colcon_core.shell:Creating prefix chain script '/ws/go2_ws/src/install/setup.sh'
[1.809s] INFO:colcon.colcon_core.shell:Creating prefix script '/ws/go2_ws/src/install/local_setup.bash'
[1.810s] INFO:colcon.colcon_core.shell:Creating prefix chain script '/ws/go2_ws/src/install/setup.bash'
[1.811s] INFO:colcon.colcon_core.shell:Creating prefix script '/ws/go2_ws/src/install/local_setup.zsh'
[1.812s] INFO:colcon.colcon_core.shell:Creating prefix chain script '/ws/go2_ws/src/install/setup.zsh'
