[0.026s] Invoking command in '/home/borong/Docker_Unitree_Majoco/go2_ws/build/movement': CMAKE_PREFIX_PATH=${CMAKE_PREFIX_PATH}:/opt/ros/foxy /usr/bin/cmake --build /home/borong/Docker_Unitree_Majoco/go2_ws/build/movement -- -j4 -l4
[0.220s] [ 33%] Built target back_and_forth
[0.229s] [ 66%] Built target gamepad_controller
[0.237s] [100%] Built target keyboard_control
[0.266s] Invoked command in '/home/borong/Docker_Unitree_Majoco/go2_ws/build/movement' returned '0': CMAKE_PREFIX_PATH=${CMAKE_PREFIX_PATH}:/opt/ros/foxy /usr/bin/cmake --build /home/borong/Docker_Unitree_Majoco/go2_ws/build/movement -- -j4 -l4
[0.293s] Invoking command in '/home/borong/Docker_Unitree_Majoco/go2_ws/build/movement': CMAKE_PREFIX_PATH=${CMAKE_PREFIX_PATH}:/opt/ros/foxy /usr/bin/cmake --install /home/borong/Docker_Unitree_Majoco/go2_ws/build/movement
[0.314s] -- Install configuration: ""
[0.315s] -- Up-to-date: /home/borong/Docker_Unitree_Majoco/go2_ws/install/movement/lib/movement/back_and_forth
[0.317s] -- Up-to-date: /home/borong/Docker_Unitree_Majoco/go2_ws/install/movement/lib/movement/keyboard_control
[0.318s] -- Up-to-date: /home/borong/Docker_Unitree_Majoco/go2_ws/install/movement/lib/movement/gamepad_controller
[0.319s] -- Up-to-date: /home/borong/Docker_Unitree_Majoco/go2_ws/install/movement/share/movement//launch
[0.319s] -- Up-to-date: /home/borong/Docker_Unitree_Majoco/go2_ws/install/movement/share/movement//launch/launch.py
[0.320s] -- Up-to-date: /home/borong/Docker_Unitree_Majoco/go2_ws/install/movement/share/ament_index/resource_index/package_run_dependencies/movement
[0.321s] -- Up-to-date: /home/borong/Docker_Unitree_Majoco/go2_ws/install/movement/share/ament_index/resource_index/parent_prefix_path/movement
[0.322s] -- Up-to-date: /home/borong/Docker_Unitree_Majoco/go2_ws/install/movement/share/movement/environment/ament_prefix_path.sh
[0.322s] -- Up-to-date: /home/borong/Docker_Unitree_Majoco/go2_ws/install/movement/share/movement/environment/ament_prefix_path.dsv
[0.322s] -- Up-to-date: /home/borong/Docker_Unitree_Majoco/go2_ws/install/movement/share/movement/environment/path.sh
[0.322s] -- Up-to-date: /home/borong/Docker_Unitree_Majoco/go2_ws/install/movement/share/movement/environment/path.dsv
[0.322s] -- Up-to-date: /home/borong/Docker_Unitree_Majoco/go2_ws/install/movement/share/movement/local_setup.bash
[0.323s] -- Up-to-date: /home/borong/Docker_Unitree_Majoco/go2_ws/install/movement/share/movement/local_setup.sh
[0.323s] -- Up-to-date: /home/borong/Docker_Unitree_Majoco/go2_ws/install/movement/share/movement/local_setup.zsh
[0.323s] -- Up-to-date: /home/borong/Docker_Unitree_Majoco/go2_ws/install/movement/share/movement/local_setup.dsv
[0.323s] -- Installing: /home/borong/Docker_Unitree_Majoco/go2_ws/install/movement/share/movement/package.dsv
[0.323s] -- Up-to-date: /home/borong/Docker_Unitree_Majoco/go2_ws/install/movement/share/ament_index/resource_index/packages/movement
[0.323s] -- Up-to-date: /home/borong/Docker_Unitree_Majoco/go2_ws/install/movement/share/movement/cmake/movementConfig.cmake
[0.323s] -- Up-to-date: /home/borong/Docker_Unitree_Majoco/go2_ws/install/movement/share/movement/cmake/movementConfig-version.cmake
[0.324s] -- Up-to-date: /home/borong/Docker_Unitree_Majoco/go2_ws/install/movement/share/movement/package.xml
[0.328s] Invoked command in '/home/borong/Docker_Unitree_Majoco/go2_ws/build/movement' returned '0': CMAKE_PREFIX_PATH=${CMAKE_PREFIX_PATH}:/opt/ros/foxy /usr/bin/cmake --install /home/borong/Docker_Unitree_Majoco/go2_ws/build/movement
