-- Found ament_cmake: 0.9.12 (/opt/ros/foxy/share/ament_cmake/cmake)
-- Found PythonInterp: /usr/bin/python3 (found suitable version "3.8.10", minimum required is "3") 
-- Using PYTHON_EXECUTABLE: /usr/bin/python3
-- Found unitree_go: 0.0.0 (/home/borong/unitree_ros2/cyclonedds_ws/install/unitree_go/share/unitree_go/cmake)
-- Using all available rosidl_typesupport_c: rosidl_typesupport_fastrtps_c;rosidl_typesupport_introspection_c
-- Found rosidl_adapter: 1.3.1 (/opt/ros/foxy/share/rosidl_adapter/cmake)
-- Found OpenSSL: /usr/lib/x86_64-linux-gnu/libcrypto.so (found version "1.1.1f")  
-- Found FastRTPS: /opt/ros/foxy/include  
-- Using all available rosidl_typesupport_cpp: rosidl_typesupport_fastrtps_cpp;rosidl_typesupport_introspection_cpp
-- Found unitree_api: 0.0.0 (/home/borong/unitree_ros2/cyclonedds_ws/install/unitree_api/share/unitree_api/cmake)
-- Found rclcpp: 2.4.3 (/opt/ros/foxy/share/rclcpp/cmake)
-- Found rmw_implementation_cmake: 1.0.4 (/opt/ros/foxy/share/rmw_implementation_cmake/cmake)
-- Using RMW implementation 'rmw_cyclonedds_cpp' as default
-- Looking for pthread.h
-- Looking for pthread.h - found
-- Performing Test CMAKE_HAVE_LIBC_PTHREAD
-- Performing Test CMAKE_HAVE_LIBC_PTHREAD - Failed
-- Looking for pthread_create in pthreads
-- Looking for pthread_create in pthreads - not found
-- Looking for pthread_create in pthread
-- Looking for pthread_create in pthread - found
-- Found Threads: TRUE  
-- Found sensor_msgs: 2.0.5 (/opt/ros/foxy/share/sensor_msgs/cmake)
-- Configuring done
-- Generating done
-- Build files have been written to: /home/borong/Docker_Unitree_Majoco/go2_ws/build/movement
[35m[1mScanning dependencies of target keyboard_control[0m
[35m[1mScanning dependencies of target gamepad_controller[0m
[35m[1mScanning dependencies of target back_and_forth[0m
[ 11%] [32mBuilding CXX object CMakeFiles/back_and_forth.dir/src/back_and_forth.cpp.o[0m
[ 22%] [32mBuilding CXX object CMakeFiles/keyboard_control.dir/src/keyboard_control.cpp.o[0m
[ 33%] [32mBuilding CXX object CMakeFiles/back_and_forth.dir/src/common/ros2_sport_client.cpp.o[0m
[ 44%] [32mBuilding CXX object CMakeFiles/gamepad_controller.dir/src/gamepad_controller.cpp.o[0m
[ 55%] [32mBuilding CXX object CMakeFiles/gamepad_controller.dir/src/common/ros2_sport_client.cpp.o[0m
[ 66%] [32mBuilding CXX object CMakeFiles/keyboard_control.dir/src/common/ros2_sport_client.cpp.o[0m
[ 77%] [32m[1mLinking CXX executable back_and_forth[0m
[ 88%] [32m[1mLinking CXX executable keyboard_control[0m
[ 88%] Built target back_and_forth
[ 88%] Built target keyboard_control
[100%] [32m[1mLinking CXX executable gamepad_controller[0m
[100%] Built target gamepad_controller
-- Install configuration: ""
-- Installing: /home/borong/Docker_Unitree_Majoco/go2_ws/install/movement/lib/movement/back_and_forth
-- Set runtime path of "/home/borong/Docker_Unitree_Majoco/go2_ws/install/movement/lib/movement/back_and_forth" to ""
-- Installing: /home/borong/Docker_Unitree_Majoco/go2_ws/install/movement/lib/movement/keyboard_control
-- Set runtime path of "/home/borong/Docker_Unitree_Majoco/go2_ws/install/movement/lib/movement/keyboard_control" to ""
-- Installing: /home/borong/Docker_Unitree_Majoco/go2_ws/install/movement/lib/movement/gamepad_controller
-- Set runtime path of "/home/borong/Docker_Unitree_Majoco/go2_ws/install/movement/lib/movement/gamepad_controller" to ""
-- Installing: /home/borong/Docker_Unitree_Majoco/go2_ws/install/movement/share/movement//launch
-- Installing: /home/borong/Docker_Unitree_Majoco/go2_ws/install/movement/share/movement//launch/_launch.py
-- Installing: /home/borong/Docker_Unitree_Majoco/go2_ws/install/movement/share/ament_index/resource_index/package_run_dependencies/movement
-- Installing: /home/borong/Docker_Unitree_Majoco/go2_ws/install/movement/share/ament_index/resource_index/parent_prefix_path/movement
-- Installing: /home/borong/Docker_Unitree_Majoco/go2_ws/install/movement/share/movement/environment/ament_prefix_path.sh
-- Installing: /home/borong/Docker_Unitree_Majoco/go2_ws/install/movement/share/movement/environment/ament_prefix_path.dsv
-- Installing: /home/borong/Docker_Unitree_Majoco/go2_ws/install/movement/share/movement/environment/path.sh
-- Installing: /home/borong/Docker_Unitree_Majoco/go2_ws/install/movement/share/movement/environment/path.dsv
-- Installing: /home/borong/Docker_Unitree_Majoco/go2_ws/install/movement/share/movement/local_setup.bash
-- Installing: /home/borong/Docker_Unitree_Majoco/go2_ws/install/movement/share/movement/local_setup.sh
-- Installing: /home/borong/Docker_Unitree_Majoco/go2_ws/install/movement/share/movement/local_setup.zsh
-- Installing: /home/borong/Docker_Unitree_Majoco/go2_ws/install/movement/share/movement/local_setup.dsv
-- Installing: /home/borong/Docker_Unitree_Majoco/go2_ws/install/movement/share/movement/package.dsv
-- Installing: /home/borong/Docker_Unitree_Majoco/go2_ws/install/movement/share/ament_index/resource_index/packages/movement
-- Installing: /home/borong/Docker_Unitree_Majoco/go2_ws/install/movement/share/movement/cmake/movementConfig.cmake
-- Installing: /home/borong/Docker_Unitree_Majoco/go2_ws/install/movement/share/movement/cmake/movementConfig-version.cmake
-- Installing: /home/borong/Docker_Unitree_Majoco/go2_ws/install/movement/share/movement/package.xml
