[0.033s] Invoking command in '/home/borong/Docker_Unitree_Majoco/go2_ws/build/movement': CMAKE_PREFIX_PATH=${CMAKE_PREFIX_PATH}:/opt/ros/foxy /usr/bin/cmake /home/borong/Docker_Unitree_Majoco/go2_ws/src/movement -DCMAKE_INSTALL_PREFIX=/home/borong/Docker_Unitree_Majoco/go2_ws/install/movement
[0.080s] -- Found ament_cmake: 0.9.12 (/opt/ros/foxy/share/ament_cmake/cmake)
[0.142s] -- Found PythonInterp: /usr/bin/python3 (found suitable version "3.8.10", minimum required is "3") 
[0.143s] -- Using PYTHON_EXECUTABLE: /usr/bin/python3
[0.614s] -- Found unitree_go: 0.0.0 (/home/borong/unitree_ros2/cyclonedds_ws/install/unitree_go/share/unitree_go/cmake)
[0.699s] -- Using all available rosidl_typesupport_c: rosidl_typesupport_fastrtps_c;rosidl_typesupport_introspection_c
[0.719s] -- Found rosidl_adapter: 1.3.1 (/opt/ros/foxy/share/rosidl_adapter/cmake)
[0.967s] -- Found OpenSSL: /usr/lib/x86_64-linux-gnu/libcrypto.so (found version "1.1.1f")  
[1.078s] -- Found FastRTPS: /opt/ros/foxy/include  
[1.272s] -- Using all available rosidl_typesupport_cpp: rosidl_typesupport_fastrtps_cpp;rosidl_typesupport_introspection_cpp
[1.632s] -- Found unitree_api: 0.0.0 (/home/borong/unitree_ros2/cyclonedds_ws/install/unitree_api/share/unitree_api/cmake)
[1.765s] -- Found rclcpp: 2.4.3 (/opt/ros/foxy/share/rclcpp/cmake)
[1.886s] -- Found rmw_implementation_cmake: 1.0.4 (/opt/ros/foxy/share/rmw_implementation_cmake/cmake)
[1.891s] -- Using RMW implementation 'rmw_cyclonedds_cpp' as default
[1.895s] -- Looking for pthread.h
[2.062s] -- Looking for pthread.h - found
[2.063s] -- Performing Test CMAKE_HAVE_LIBC_PTHREAD
[2.237s] -- Performing Test CMAKE_HAVE_LIBC_PTHREAD - Failed
[2.237s] -- Looking for pthread_create in pthreads
[2.364s] -- Looking for pthread_create in pthreads - not found
[2.364s] -- Looking for pthread_create in pthread
[2.512s] -- Looking for pthread_create in pthread - found
[2.516s] -- Found Threads: TRUE  
[2.863s] -- Found sensor_msgs: 2.0.5 (/opt/ros/foxy/share/sensor_msgs/cmake)
[3.188s] -- Configuring done
[3.235s] -- Generating done
[3.256s] -- Build files have been written to: /home/borong/Docker_Unitree_Majoco/go2_ws/build/movement
[3.271s] Invoked command in '/home/borong/Docker_Unitree_Majoco/go2_ws/build/movement' returned '0': CMAKE_PREFIX_PATH=${CMAKE_PREFIX_PATH}:/opt/ros/foxy /usr/bin/cmake /home/borong/Docker_Unitree_Majoco/go2_ws/src/movement -DCMAKE_INSTALL_PREFIX=/home/borong/Docker_Unitree_Majoco/go2_ws/install/movement
[3.278s] Invoking command in '/home/borong/Docker_Unitree_Majoco/go2_ws/build/movement': CMAKE_PREFIX_PATH=${CMAKE_PREFIX_PATH}:/opt/ros/foxy /usr/bin/cmake --build /home/borong/Docker_Unitree_Majoco/go2_ws/build/movement -- -j4 -l4
[3.367s] [35m[1mScanning dependencies of target keyboard_control[0m
[3.372s] [35m[1mScanning dependencies of target gamepad_controller[0m
[3.374s] [35m[1mScanning dependencies of target back_and_forth[0m
[3.665s] [ 11%] [32mBuilding CXX object CMakeFiles/back_and_forth.dir/src/back_and_forth.cpp.o[0m
[3.675s] [ 22%] [32mBuilding CXX object CMakeFiles/keyboard_control.dir/src/keyboard_control.cpp.o[0m
[3.710s] [ 33%] [32mBuilding CXX object CMakeFiles/back_and_forth.dir/src/common/ros2_sport_client.cpp.o[0m
[3.715s] [ 44%] [32mBuilding CXX object CMakeFiles/gamepad_controller.dir/src/gamepad_controller.cpp.o[0m
[11.974s] [ 55%] [32mBuilding CXX object CMakeFiles/gamepad_controller.dir/src/common/ros2_sport_client.cpp.o[0m
[19.233s] [ 66%] [32mBuilding CXX object CMakeFiles/keyboard_control.dir/src/common/ros2_sport_client.cpp.o[0m
[29.861s] [ 77%] [32m[1mLinking CXX executable back_and_forth[0m
[30.596s] [ 88%] [32m[1mLinking CXX executable keyboard_control[0m
[30.962s] [ 88%] Built target back_and_forth
[31.489s] [ 88%] Built target keyboard_control
[31.751s] [100%] [32m[1mLinking CXX executable gamepad_controller[0m
[32.666s] [100%] Built target gamepad_controller
[32.694s] Invoked command in '/home/borong/Docker_Unitree_Majoco/go2_ws/build/movement' returned '0': CMAKE_PREFIX_PATH=${CMAKE_PREFIX_PATH}:/opt/ros/foxy /usr/bin/cmake --build /home/borong/Docker_Unitree_Majoco/go2_ws/build/movement -- -j4 -l4
[32.722s] Invoking command in '/home/borong/Docker_Unitree_Majoco/go2_ws/build/movement': CMAKE_PREFIX_PATH=${CMAKE_PREFIX_PATH}:/opt/ros/foxy /usr/bin/cmake --install /home/borong/Docker_Unitree_Majoco/go2_ws/build/movement
[32.744s] -- Install configuration: ""
[32.744s] -- Installing: /home/borong/Docker_Unitree_Majoco/go2_ws/install/movement/lib/movement/back_and_forth
[32.748s] -- Set runtime path of "/home/borong/Docker_Unitree_Majoco/go2_ws/install/movement/lib/movement/back_and_forth" to ""
[32.748s] -- Installing: /home/borong/Docker_Unitree_Majoco/go2_ws/install/movement/lib/movement/keyboard_control
[32.753s] -- Set runtime path of "/home/borong/Docker_Unitree_Majoco/go2_ws/install/movement/lib/movement/keyboard_control" to ""
[32.754s] -- Installing: /home/borong/Docker_Unitree_Majoco/go2_ws/install/movement/lib/movement/gamepad_controller
[32.759s] -- Set runtime path of "/home/borong/Docker_Unitree_Majoco/go2_ws/install/movement/lib/movement/gamepad_controller" to ""
[32.760s] -- Installing: /home/borong/Docker_Unitree_Majoco/go2_ws/install/movement/share/movement//launch
[32.760s] -- Installing: /home/borong/Docker_Unitree_Majoco/go2_ws/install/movement/share/movement//launch/_launch.py
[32.760s] -- Installing: /home/borong/Docker_Unitree_Majoco/go2_ws/install/movement/share/ament_index/resource_index/package_run_dependencies/movement
[32.760s] -- Installing: /home/borong/Docker_Unitree_Majoco/go2_ws/install/movement/share/ament_index/resource_index/parent_prefix_path/movement
[32.761s] -- Installing: /home/borong/Docker_Unitree_Majoco/go2_ws/install/movement/share/movement/environment/ament_prefix_path.sh
[32.761s] -- Installing: /home/borong/Docker_Unitree_Majoco/go2_ws/install/movement/share/movement/environment/ament_prefix_path.dsv
[32.762s] -- Installing: /home/borong/Docker_Unitree_Majoco/go2_ws/install/movement/share/movement/environment/path.sh
[32.762s] -- Installing: /home/borong/Docker_Unitree_Majoco/go2_ws/install/movement/share/movement/environment/path.dsv
[32.762s] -- Installing: /home/borong/Docker_Unitree_Majoco/go2_ws/install/movement/share/movement/local_setup.bash
[32.763s] -- Installing: /home/borong/Docker_Unitree_Majoco/go2_ws/install/movement/share/movement/local_setup.sh
[32.763s] -- Installing: /home/borong/Docker_Unitree_Majoco/go2_ws/install/movement/share/movement/local_setup.zsh
[32.763s] -- Installing: /home/borong/Docker_Unitree_Majoco/go2_ws/install/movement/share/movement/local_setup.dsv
[32.764s] -- Installing: /home/borong/Docker_Unitree_Majoco/go2_ws/install/movement/share/movement/package.dsv
[32.764s] -- Installing: /home/borong/Docker_Unitree_Majoco/go2_ws/install/movement/share/ament_index/resource_index/packages/movement
[32.765s] -- Installing: /home/borong/Docker_Unitree_Majoco/go2_ws/install/movement/share/movement/cmake/movementConfig.cmake
[32.765s] -- Installing: /home/borong/Docker_Unitree_Majoco/go2_ws/install/movement/share/movement/cmake/movementConfig-version.cmake
[32.765s] -- Installing: /home/borong/Docker_Unitree_Majoco/go2_ws/install/movement/share/movement/package.xml
[32.777s] Invoked command in '/home/borong/Docker_Unitree_Majoco/go2_ws/build/movement' returned '0': CMAKE_PREFIX_PATH=${CMAKE_PREFIX_PATH}:/opt/ros/foxy /usr/bin/cmake --install /home/borong/Docker_Unitree_Majoco/go2_ws/build/movement
