[0.013s] Invoking command in '/ws/go2_ws/src/build/movement': CMAKE_PREFIX_PATH=${CMAKE_PREFIX_PATH}:/opt/ros/foxy /usr/bin/cmake /ws/go2_ws/src/movement -DCMAKE_INSTALL_PREFIX=/ws/go2_ws/src/install/movement
[0.027s] -- Found ament_cmake: 0.9.12 (/opt/ros/foxy/share/ament_cmake/cmake)
[0.038s] -- Using PYTHON_EXECUTABLE: /usr/bin/python3
[0.107s] -- Found unitree_go: 0.0.0 (/root/unitree_ros2/cyclonedds_ws/install/unitree_go/share/unitree_go/cmake)
[0.119s] -- Using all available rosidl_typesupport_c: rosidl_typesupport_fastrtps_c;rosidl_typesupport_introspection_c
[0.123s] -- Found rosidl_adapter: 1.3.1 (/opt/ros/foxy/share/rosidl_adapter/cmake)
[0.173s] -- Using all available rosidl_typesupport_cpp: rosidl_typesupport_fastrtps_cpp;rosidl_typesupport_introspection_cpp
[0.248s] -- Found unitree_api: 0.0.0 (/root/unitree_ros2/cyclonedds_ws/install/unitree_api/share/unitree_api/cmake)
[0.278s] -- Found rclcpp: 2.4.3 (/opt/ros/foxy/share/rclcpp/cmake)
[0.295s] -- Found rmw_implementation_cmake: 1.0.4 (/opt/ros/foxy/share/rmw_implementation_cmake/cmake)
[0.298s] -- Using RMW implementation 'rmw_cyclonedds_cpp' as default
[0.366s] CMake Error at /opt/ros/foxy/share/ament_cmake_target_dependencies/cmake/ament_target_dependencies.cmake:77 (message):
[0.367s]   ament_target_dependencies() the passed package name 'interfaces' was not
[0.368s]   found before
[0.368s] Call Stack (most recent call first):
[0.369s]   CMakeLists.txt:26 (ament_target_dependencies)
[0.369s] 
[0.369s] 
[0.369s] -- Configuring incomplete, errors occurred!
[0.372s] See also "/ws/go2_ws/src/build/movement/CMakeFiles/CMakeOutput.log".
[0.372s] See also "/ws/go2_ws/src/build/movement/CMakeFiles/CMakeError.log".
[0.372s] Invoked command in '/ws/go2_ws/src/build/movement' returned '1': CMAKE_PREFIX_PATH=${CMAKE_PREFIX_PATH}:/opt/ros/foxy /usr/bin/cmake /ws/go2_ws/src/movement -DCMAKE_INSTALL_PREFIX=/ws/go2_ws/src/install/movement
