[35m[1mScanning dependencies of target gamepad_controller[0m
[ 33%] Built target keyboard_control
[ 66%] Built target back_and_forth
[ 77%] [32mBuilding CXX object CMakeFiles/gamepad_controller.dir/src/gamepad_controller.cpp.o[0m
[ 88%] [32m[1mLinking CXX executable gamepad_controller[0m
[100%] Built target gamepad_controller
-- Install configuration: ""
-- Up-to-date: /home/borong/Docker_Unitree_Majoco/go2_ws/install/movement/lib/movement/back_and_forth
-- Up-to-date: /home/borong/Docker_Unitree_Majoco/go2_ws/install/movement/lib/movement/keyboard_control
-- Installing: /home/borong/Docker_Unitree_Majoco/go2_ws/install/movement/lib/movement/gamepad_controller
-- Set runtime path of "/home/borong/Docker_Unitree_Majoco/go2_ws/install/movement/lib/movement/gamepad_controller" to ""
-- Up-to-date: /home/borong/Docker_Unitree_Majoco/go2_ws/install/movement/share/movement//launch
-- Up-to-date: /home/borong/Docker_Unitree_Majoco/go2_ws/install/movement/share/movement//launch/launch.py
-- Up-to-date: /home/borong/Docker_Unitree_Majoco/go2_ws/install/movement/share/ament_index/resource_index/package_run_dependencies/movement
-- Up-to-date: /home/borong/Docker_Unitree_Majoco/go2_ws/install/movement/share/ament_index/resource_index/parent_prefix_path/movement
-- Up-to-date: /home/borong/Docker_Unitree_Majoco/go2_ws/install/movement/share/movement/environment/ament_prefix_path.sh
-- Up-to-date: /home/borong/Docker_Unitree_Majoco/go2_ws/install/movement/share/movement/environment/ament_prefix_path.dsv
-- Up-to-date: /home/borong/Docker_Unitree_Majoco/go2_ws/install/movement/share/movement/environment/path.sh
-- Up-to-date: /home/borong/Docker_Unitree_Majoco/go2_ws/install/movement/share/movement/environment/path.dsv
-- Up-to-date: /home/borong/Docker_Unitree_Majoco/go2_ws/install/movement/share/movement/local_setup.bash
-- Up-to-date: /home/borong/Docker_Unitree_Majoco/go2_ws/install/movement/share/movement/local_setup.sh
-- Up-to-date: /home/borong/Docker_Unitree_Majoco/go2_ws/install/movement/share/movement/local_setup.zsh
-- Up-to-date: /home/borong/Docker_Unitree_Majoco/go2_ws/install/movement/share/movement/local_setup.dsv
-- Installing: /home/borong/Docker_Unitree_Majoco/go2_ws/install/movement/share/movement/package.dsv
-- Up-to-date: /home/borong/Docker_Unitree_Majoco/go2_ws/install/movement/share/ament_index/resource_index/packages/movement
-- Up-to-date: /home/borong/Docker_Unitree_Majoco/go2_ws/install/movement/share/movement/cmake/movementConfig.cmake
-- Up-to-date: /home/borong/Docker_Unitree_Majoco/go2_ws/install/movement/share/movement/cmake/movementConfig-version.cmake
-- Up-to-date: /home/borong/Docker_Unitree_Majoco/go2_ws/install/movement/share/movement/package.xml
